{"total": {"lines":{"total":4162,"covered":2893,"skipped":0,"pct":69.5},"statements":{"total":4200,"covered":2927,"skipped":0,"pct":69.69},"functions":{"total":1143,"covered":575,"skipped":0,"pct":50.3},"branches":{"total":1503,"covered":661,"skipped":0,"pct":43.97},"branchesTrue":{"total":0,"covered":0,"skipped":0,"pct":100}}
,"/home/runner/work/moocode-parsing/moocode-parsing/repo/src/index.ts": {"lines":{"total":5,"covered":5,"skipped":0,"pct":100},"functions":{"total":6,"covered":1,"skipped":0,"pct":16.66},"statements":{"total":11,"covered":11,"skipped":0,"pct":100},"branches":{"total":0,"covered":0,"skipped":0,"pct":100}}
,"/home/runner/work/moocode-parsing/moocode-parsing/repo/src/interfaces.ts": {"lines":{"total":0,"covered":0,"skipped":0,"pct":0},"functions":{"total":0,"covered":0,"skipped":0,"pct":0},"statements":{"total":0,"covered":0,"skipped":0,"pct":0},"branches":{"total":0,"covered":0,"skipped":0,"pct":0}}
,"/home/runner/work/moocode-parsing/moocode-parsing/repo/src/ast/abstract.ts": {"lines":{"total":52,"covered":44,"skipped":0,"pct":84.61},"functions":{"total":21,"covered":15,"skipped":0,"pct":71.42},"statements":{"total":52,"covered":44,"skipped":0,"pct":84.61},"branches":{"total":30,"covered":21,"skipped":0,"pct":70}}
,"/home/runner/work/moocode-parsing/moocode-parsing/repo/src/ast/common.ts": {"lines":{"total":59,"covered":44,"skipped":0,"pct":74.57},"functions":{"total":13,"covered":8,"skipped":0,"pct":61.53},"statements":{"total":59,"covered":44,"skipped":0,"pct":74.57},"branches":{"total":60,"covered":24,"skipped":0,"pct":40}}
,"/home/runner/work/moocode-parsing/moocode-parsing/repo/src/ast/error.ts": {"lines":{"total":55,"covered":29,"skipped":0,"pct":52.72},"functions":{"total":24,"covered":9,"skipped":0,"pct":37.5},"statements":{"total":55,"covered":29,"skipped":0,"pct":52.72},"branches":{"total":42,"covered":17,"skipped":0,"pct":40.47}}
,"/home/runner/work/moocode-parsing/moocode-parsing/repo/src/ast/expression-generator.ts": {"lines":{"total":225,"covered":205,"skipped":0,"pct":91.11},"functions":{"total":62,"covered":59,"skipped":0,"pct":95.16},"statements":{"total":233,"covered":213,"skipped":0,"pct":91.41},"branches":{"total":110,"covered":90,"skipped":0,"pct":81.81}}
,"/home/runner/work/moocode-parsing/moocode-parsing/repo/src/ast/index.ts": {"lines":{"total":75,"covered":66,"skipped":0,"pct":88},"functions":{"total":14,"covered":12,"skipped":0,"pct":85.71},"statements":{"total":78,"covered":68,"skipped":0,"pct":87.17},"branches":{"total":26,"covered":19,"skipped":0,"pct":73.07}}
,"/home/runner/work/moocode-parsing/moocode-parsing/repo/src/ast/nodes.ts": {"lines":{"total":391,"covered":308,"skipped":0,"pct":78.77},"functions":{"total":199,"covered":130,"skipped":0,"pct":65.32},"statements":{"total":410,"covered":324,"skipped":0,"pct":79.02},"branches":{"total":374,"covered":180,"skipped":0,"pct":48.12}}
,"/home/runner/work/moocode-parsing/moocode-parsing/repo/src/ast/statement-generator.ts": {"lines":{"total":127,"covered":120,"skipped":0,"pct":94.48},"functions":{"total":20,"covered":20,"skipped":0,"pct":100},"statements":{"total":127,"covered":120,"skipped":0,"pct":94.48},"branches":{"total":42,"covered":33,"skipped":0,"pct":78.57}}
,"/home/runner/work/moocode-parsing/moocode-parsing/repo/src/ast/value-generator.ts": {"lines":{"total":90,"covered":85,"skipped":0,"pct":94.44},"functions":{"total":20,"covered":19,"skipped":0,"pct":95},"statements":{"total":90,"covered":85,"skipped":0,"pct":94.44},"branches":{"total":22,"covered":15,"skipped":0,"pct":68.18}}
,"/home/runner/work/moocode-parsing/moocode-parsing/repo/src/grammar/generated/MoocodeLexer.ts": {"lines":{"total":122,"covered":112,"skipped":0,"pct":91.8},"functions":{"total":13,"covered":6,"skipped":0,"pct":46.15},"statements":{"total":123,"covered":113,"skipped":0,"pct":91.86},"branches":{"total":8,"covered":8,"skipped":0,"pct":100}}
,"/home/runner/work/moocode-parsing/moocode-parsing/repo/src/grammar/generated/MoocodeParser.ts": {"lines":{"total":2957,"covered":1871,"skipped":0,"pct":63.27},"functions":{"total":751,"covered":296,"skipped":0,"pct":39.41},"statements":{"total":2958,"covered":1872,"skipped":0,"pct":63.28},"branches":{"total":789,"covered":254,"skipped":0,"pct":32.19}}
,"/home/runner/work/moocode-parsing/moocode-parsing/repo/src/grammar/generated/MoocodeParserListener.ts": {"lines":{"total":2,"covered":2,"skipped":0,"pct":100},"functions":{"total":0,"covered":0,"skipped":0,"pct":100},"statements":{"total":2,"covered":2,"skipped":0,"pct":100},"branches":{"total":0,"covered":0,"skipped":0,"pct":100}}
,"/home/runner/work/moocode-parsing/moocode-parsing/repo/src/grammar/generated/MoocodeParserVisitor.ts": {"lines":{"total":2,"covered":2,"skipped":0,"pct":100},"functions":{"total":0,"covered":0,"skipped":0,"pct":100},"statements":{"total":2,"covered":2,"skipped":0,"pct":100},"branches":{"total":0,"covered":0,"skipped":0,"pct":100}}
}
