{"total": {"lines":{"total":4257,"covered":2923,"skipped":0,"pct":68.66},"statements":{"total":4294,"covered":2956,"skipped":0,"pct":68.84},"functions":{"total":1154,"covered":567,"skipped":0,"pct":49.13},"branches":{"total":1607,"covered":679,"skipped":0,"pct":42.25},"branchesTrue":{"total":0,"covered":0,"skipped":0,"pct":100}}
,"/home/runner/work/moocode-parsing/moocode-parsing/repo/src/index.ts": {"lines":{"total":5,"covered":5,"skipped":0,"pct":100},"functions":{"total":6,"covered":1,"skipped":0,"pct":16.66},"statements":{"total":11,"covered":11,"skipped":0,"pct":100},"branches":{"total":0,"covered":0,"skipped":0,"pct":100}}
,"/home/runner/work/moocode-parsing/moocode-parsing/repo/src/interfaces.ts": {"lines":{"total":0,"covered":0,"skipped":0,"pct":0},"functions":{"total":0,"covered":0,"skipped":0,"pct":0},"statements":{"total":0,"covered":0,"skipped":0,"pct":0},"branches":{"total":0,"covered":0,"skipped":0,"pct":0}}
,"/home/runner/work/moocode-parsing/moocode-parsing/repo/src/ast/abstract.ts": {"lines":{"total":52,"covered":44,"skipped":0,"pct":84.61},"functions":{"total":21,"covered":15,"skipped":0,"pct":71.42},"statements":{"total":52,"covered":44,"skipped":0,"pct":84.61},"branches":{"total":30,"covered":21,"skipped":0,"pct":70}}
,"/home/runner/work/moocode-parsing/moocode-parsing/repo/src/ast/common.ts": {"lines":{"total":54,"covered":41,"skipped":0,"pct":75.92},"functions":{"total":13,"covered":8,"skipped":0,"pct":61.53},"statements":{"total":54,"covered":41,"skipped":0,"pct":75.92},"branches":{"total":64,"covered":10,"skipped":0,"pct":15.62}}
,"/home/runner/work/moocode-parsing/moocode-parsing/repo/src/ast/error.ts": {"lines":{"total":72,"covered":38,"skipped":0,"pct":52.77},"functions":{"total":35,"covered":17,"skipped":0,"pct":48.57},"statements":{"total":72,"covered":38,"skipped":0,"pct":52.77},"branches":{"total":26,"covered":0,"skipped":0,"pct":0}}
,"/home/runner/work/moocode-parsing/moocode-parsing/repo/src/ast/expression-generator.ts": {"lines":{"total":182,"covered":157,"skipped":0,"pct":86.26},"functions":{"total":41,"covered":38,"skipped":0,"pct":92.68},"statements":{"total":190,"covered":165,"skipped":0,"pct":86.84},"branches":{"total":105,"covered":79,"skipped":0,"pct":75.23}}
,"/home/runner/work/moocode-parsing/moocode-parsing/repo/src/ast/index.ts": {"lines":{"total":66,"covered":55,"skipped":0,"pct":83.33},"functions":{"total":10,"covered":8,"skipped":0,"pct":80},"statements":{"total":68,"covered":56,"skipped":0,"pct":82.35},"branches":{"total":47,"covered":35,"skipped":0,"pct":74.46}}
,"/home/runner/work/moocode-parsing/moocode-parsing/repo/src/ast/nodes.ts": {"lines":{"total":450,"covered":331,"skipped":0,"pct":73.55},"functions":{"total":211,"covered":127,"skipped":0,"pct":60.18},"statements":{"total":469,"covered":347,"skipped":0,"pct":73.98},"branches":{"total":405,"covered":184,"skipped":0,"pct":45.43}}
,"/home/runner/work/moocode-parsing/moocode-parsing/repo/src/ast/statement-generator.ts": {"lines":{"total":130,"covered":120,"skipped":0,"pct":92.3},"functions":{"total":20,"covered":20,"skipped":0,"pct":100},"statements":{"total":130,"covered":120,"skipped":0,"pct":92.3},"branches":{"total":52,"covered":39,"skipped":0,"pct":75}}
,"/home/runner/work/moocode-parsing/moocode-parsing/repo/src/ast/value-generator.ts": {"lines":{"total":106,"covered":98,"skipped":0,"pct":92.45},"functions":{"total":22,"covered":21,"skipped":0,"pct":95.45},"statements":{"total":106,"covered":98,"skipped":0,"pct":92.45},"branches":{"total":28,"covered":18,"skipped":0,"pct":64.28}}
,"/home/runner/work/moocode-parsing/moocode-parsing/repo/src/grammar/generated/MoocodeLexer.ts": {"lines":{"total":122,"covered":112,"skipped":0,"pct":91.8},"functions":{"total":13,"covered":6,"skipped":0,"pct":46.15},"statements":{"total":123,"covered":113,"skipped":0,"pct":91.86},"branches":{"total":8,"covered":8,"skipped":0,"pct":100}}
,"/home/runner/work/moocode-parsing/moocode-parsing/repo/src/grammar/generated/MoocodeParser.ts": {"lines":{"total":3014,"covered":1918,"skipped":0,"pct":63.63},"functions":{"total":762,"covered":306,"skipped":0,"pct":40.15},"statements":{"total":3015,"covered":1919,"skipped":0,"pct":63.64},"branches":{"total":842,"covered":285,"skipped":0,"pct":33.84}}
,"/home/runner/work/moocode-parsing/moocode-parsing/repo/src/grammar/generated/MoocodeParserListener.ts": {"lines":{"total":2,"covered":2,"skipped":0,"pct":100},"functions":{"total":0,"covered":0,"skipped":0,"pct":100},"statements":{"total":2,"covered":2,"skipped":0,"pct":100},"branches":{"total":0,"covered":0,"skipped":0,"pct":100}}
,"/home/runner/work/moocode-parsing/moocode-parsing/repo/src/grammar/generated/MoocodeParserVisitor.ts": {"lines":{"total":2,"covered":2,"skipped":0,"pct":100},"functions":{"total":0,"covered":0,"skipped":0,"pct":100},"statements":{"total":2,"covered":2,"skipped":0,"pct":100},"branches":{"total":0,"covered":0,"skipped":0,"pct":100}}
}
