TN:
SF:src/index.ts
FN:1,(anonymous_1)
FN:1,(anonymous_2)
FN:2,(anonymous_3)
FN:3,(anonymous_4)
FN:4,(anonymous_5)
FN:5,(anonymous_6)
FNF:6
FNH:1
FNDA:160,(anonymous_1)
FNDA:0,(anonymous_2)
FNDA:0,(anonymous_3)
FNDA:0,(anonymous_4)
FNDA:0,(anonymous_5)
FNDA:0,(anonymous_6)
DA:1,161
DA:2,1
DA:3,1
DA:4,1
DA:5,1
LF:5
LH:5
BRF:0
BRH:0
end_of_record
TN:
SF:src/interfaces.ts
FNF:0
FNH:0
LF:0
LH:0
BRF:0
BRH:0
end_of_record
TN:
SF:src/ast/abstract.ts
FN:9,(anonymous_1)
FN:13,(anonymous_2)
FN:22,(anonymous_3)
FN:26,(anonymous_4)
FN:36,(anonymous_5)
FN:40,(anonymous_6)
FN:49,(anonymous_7)
FN:57,(anonymous_8)
FN:61,(anonymous_9)
FN:67,(anonymous_10)
FN:78,(anonymous_11)
FN:82,(anonymous_12)
FN:86,(anonymous_13)
FN:93,(anonymous_14)
FN:101,(anonymous_15)
FN:105,(anonymous_16)
FN:111,(anonymous_17)
FN:121,(anonymous_18)
FN:125,(anonymous_19)
FN:133,(anonymous_20)
FN:146,(anonymous_21)
FNF:21
FNH:15
FNDA:504,(anonymous_1)
FNDA:3482,(anonymous_2)
FNDA:0,(anonymous_3)
FNDA:0,(anonymous_4)
FNDA:8,(anonymous_5)
FNDA:447,(anonymous_6)
FNDA:76,(anonymous_7)
FNDA:16,(anonymous_8)
FNDA:1215,(anonymous_9)
FNDA:0,(anonymous_10)
FNDA:0,(anonymous_11)
FNDA:0,(anonymous_12)
FNDA:149,(anonymous_13)
FNDA:38,(anonymous_14)
FNDA:1,(anonymous_15)
FNDA:33,(anonymous_16)
FNDA:0,(anonymous_17)
FNDA:7,(anonymous_18)
FNDA:72,(anonymous_19)
FNDA:6,(anonymous_20)
FNDA:28856,(anonymous_21)
DA:2,1
DA:4,1
DA:6,1
DA:10,504
DA:14,3482
DA:15,0
DA:18,3482
DA:23,0
DA:27,0
DA:31,1
DA:37,8
DA:41,447
DA:43,447
DA:45,447
DA:50,76
DA:54,1
DA:58,16
DA:62,1215
DA:64,1215
DA:68,0
DA:72,1
DA:73,149
DA:79,0
DA:83,0
DA:87,149
DA:89,149
DA:90,149
DA:94,38
DA:98,1
DA:102,1
DA:106,33
DA:108,33
DA:112,0
DA:116,1
DA:122,7
DA:126,72
DA:128,72
DA:130,72
DA:134,6
DA:136,6
DA:137,6
DA:138,3
DA:141,6
DA:145,1
DA:147,28856
DA:149,28853
DA:150,21784
DA:153,7069
DA:154,6997
DA:157,72
DA:158,72
DA:161,0
LF:52
LH:44
BRDA:14,0,0,0
BRDA:14,0,1,3482
BRDA:22,1,0,0
BRDA:49,2,0,1
BRDA:50,3,0,76
BRDA:50,3,1,0
BRDA:50,4,0,76
BRDA:50,4,1,76
BRDA:93,5,0,0
BRDA:94,6,0,0
BRDA:94,6,1,38
BRDA:94,7,0,38
BRDA:94,7,1,38
BRDA:94,8,0,0
BRDA:94,8,1,38
BRDA:94,9,0,38
BRDA:94,9,1,38
BRDA:133,10,0,0
BRDA:134,11,0,0
BRDA:134,11,1,6
BRDA:137,12,0,3
BRDA:137,12,1,3
BRDA:149,13,0,21784
BRDA:149,13,1,7069
BRDA:153,14,0,6997
BRDA:153,14,1,72
BRDA:157,15,0,72
BRDA:157,15,1,0
BRDA:157,16,0,72
BRDA:157,16,1,72
BRF:30
BRH:21
end_of_record
TN:
SF:src/ast/common.ts
FN:4,(anonymous_0)
FN:33,(anonymous_1)
FN:37,(anonymous_2)
FN:41,(anonymous_3)
FN:45,(anonymous_4)
FN:49,(anonymous_5)
FN:63,(anonymous_6)
FN:68,(anonymous_7)
FN:72,(anonymous_8)
FN:76,(anonymous_9)
FN:83,(anonymous_10)
FN:88,getContextAsText
FN:99,is
FNF:13
FNH:11
FNDA:1,(anonymous_0)
FNDA:2,(anonymous_1)
FNDA:2,(anonymous_2)
FNDA:391,(anonymous_3)
FNDA:111,(anonymous_4)
FNDA:1,(anonymous_5)
FNDA:3484,(anonymous_6)
FNDA:0,(anonymous_7)
FNDA:0,(anonymous_8)
FNDA:2850,(anonymous_9)
FNDA:633,(anonymous_10)
FNDA:2310,getContextAsText
FNDA:164,is
DA:1,1
DA:4,1
DA:5,1
DA:6,1
DA:7,1
DA:8,1
DA:9,1
DA:10,1
DA:11,1
DA:12,1
DA:13,1
DA:14,1
DA:15,1
DA:16,1
DA:17,1
DA:18,1
DA:19,1
DA:20,1
DA:21,1
DA:22,1
DA:23,1
DA:24,1
DA:27,1
DA:28,1
DA:34,2
DA:38,2
DA:42,391
DA:46,111
DA:50,1
DA:51,1
DA:53,1
DA:54,1
DA:55,1
DA:58,1
DA:60,1
DA:64,3484
DA:65,3484
DA:69,0
DA:73,0
DA:77,2850
DA:78,2850
DA:80,2850
DA:84,633
DA:88,1
DA:89,2310
DA:90,0
DA:93,2310
DA:94,2310
DA:96,2310
DA:99,1
DA:100,164
DA:101,164
DA:102,0
DA:105,164
LF:54
LH:50
BRDA:4,0,0,1
BRDA:4,0,1,1
BRDA:34,1,0,2
BRDA:34,1,1,0
BRDA:34,2,0,2
BRDA:34,2,1,2
BRDA:34,3,0,0
BRDA:34,3,1,2
BRDA:34,4,0,2
BRDA:34,4,1,2
BRDA:38,5,0,2
BRDA:38,5,1,0
BRDA:38,6,0,2
BRDA:38,6,1,2
BRDA:38,7,0,0
BRDA:38,7,1,2
BRDA:38,8,0,2
BRDA:38,8,1,2
BRDA:50,9,0,1
BRDA:50,9,1,0
BRDA:50,10,0,1
BRDA:50,10,1,1
BRDA:50,11,0,0
BRDA:50,11,1,1
BRDA:50,12,0,1
BRDA:50,12,1,1
BRDA:50,13,0,1
BRDA:50,13,1,0
BRDA:50,14,0,1
BRDA:50,14,1,1
BRDA:50,15,0,0
BRDA:50,15,1,1
BRDA:50,16,0,1
BRDA:50,16,1,1
BRDA:51,17,0,1
BRDA:51,17,1,0
BRDA:51,18,0,1
BRDA:51,18,1,1
BRDA:51,19,0,0
BRDA:51,19,1,1
BRDA:51,20,0,1
BRDA:51,20,1,1
BRDA:53,21,0,1
BRDA:53,21,1,0
BRDA:53,22,0,1
BRDA:53,22,1,1
BRDA:53,23,0,0
BRDA:53,23,1,1
BRDA:53,24,0,1
BRDA:53,24,1,1
BRDA:54,25,0,1
BRDA:54,25,1,0
BRDA:89,26,0,0
BRDA:89,26,1,2310
BRDA:94,27,0,2310
BRDA:94,27,1,0
BRDA:94,28,0,2310
BRDA:94,28,1,2310
BRDA:94,29,0,0
BRDA:94,29,1,2310
BRDA:94,30,0,2310
BRDA:94,30,1,2310
BRDA:101,31,0,0
BRDA:101,31,1,164
BRF:64
BRH:47
end_of_record
TN:
SF:src/ast/error.ts
FN:6,(anonymous_0)
FN:20,(anonymous_1)
FN:24,(anonymous_2)
FN:28,(anonymous_3)
FN:32,(anonymous_4)
FN:38,(anonymous_5)
FN:48,(anonymous_6)
FN:54,(anonymous_7)
FN:58,(anonymous_8)
FN:66,nameOf
FN:75,(anonymous_10)
FN:79,(anonymous_11)
FN:83,(anonymous_12)
FN:87,(anonymous_13)
FN:93,(anonymous_14)
FN:98,(anonymous_15)
FN:101,(anonymous_16)
FN:106,(anonymous_17)
FN:111,(anonymous_18)
FN:114,(anonymous_19)
FN:119,(anonymous_20)
FN:127,(anonymous_21)
FN:131,(anonymous_22)
FN:135,(anonymous_23)
FN:143,(anonymous_24)
FN:151,(anonymous_25)
FN:160,(anonymous_26)
FN:165,(anonymous_27)
FN:171,(anonymous_28)
FN:177,(anonymous_29)
FN:183,(anonymous_30)
FN:189,(anonymous_31)
FN:195,(anonymous_32)
FN:201,(anonymous_33)
FN:207,(anonymous_34)
FNF:35
FNH:20
FNDA:0,(anonymous_0)
FNDA:0,(anonymous_1)
FNDA:0,(anonymous_2)
FNDA:0,(anonymous_3)
FNDA:0,(anonymous_4)
FNDA:0,(anonymous_5)
FNDA:0,(anonymous_6)
FNDA:1,(anonymous_7)
FNDA:1,(anonymous_8)
FNDA:1,nameOf
FNDA:6,(anonymous_10)
FNDA:6,(anonymous_11)
FNDA:6,(anonymous_12)
FNDA:6,(anonymous_13)
FNDA:0,(anonymous_14)
FNDA:160,(anonymous_15)
FNDA:160,(anonymous_16)
FNDA:6,(anonymous_17)
FNDA:160,(anonymous_18)
FNDA:160,(anonymous_19)
FNDA:0,(anonymous_20)
FNDA:0,(anonymous_21)
FNDA:0,(anonymous_22)
FNDA:0,(anonymous_23)
FNDA:0,(anonymous_24)
FNDA:0,(anonymous_25)
FNDA:6,(anonymous_26)
FNDA:2,(anonymous_27)
FNDA:28428,(anonymous_28)
FNDA:6,(anonymous_29)
FNDA:0,(anonymous_30)
FNDA:6,(anonymous_31)
FNDA:33950,(anonymous_32)
FNDA:2,(anonymous_33)
FNDA:5514,(anonymous_34)
DA:1,1
DA:3,1
DA:5,1
DA:7,0
DA:9,0
DA:10,0
DA:13,0
DA:14,0
DA:17,0
DA:21,0
DA:25,0
DA:29,0
DA:33,0
DA:37,1
DA:39,0
DA:40,0
DA:42,0
DA:47,1
DA:49,0
DA:53,1
DA:55,1
DA:59,1
DA:60,1
DA:62,1
DA:67,1
DA:70,1
DA:76,6
DA:80,6
DA:84,6
DA:88,6
DA:89,6
DA:90,6
DA:94,0
DA:98,1
DA:99,160
DA:102,160
DA:107,6
DA:111,1
DA:112,160
DA:115,160
DA:120,0
DA:124,1
DA:128,0
DA:132,0
DA:136,0
DA:137,0
DA:140,0
DA:144,0
DA:145,0
DA:148,0
DA:152,0
DA:154,0
DA:155,0
DA:159,1
DA:161,6
DA:162,6
DA:166,2
DA:168,2
DA:172,28428
DA:174,28426
DA:178,6
DA:180,6
DA:184,0
DA:186,0
DA:190,6
DA:192,6
DA:196,33950
DA:198,33950
DA:202,2
DA:204,2
DA:208,5514
DA:210,5514
LF:72
LH:43
BRDA:9,0,0,0
BRDA:9,0,1,0
BRDA:13,1,0,0
BRDA:13,1,1,0
BRDA:39,2,0,0
BRDA:39,2,1,0
BRDA:67,3,0,1
BRDA:67,3,1,0
BRDA:67,4,0,1
BRDA:67,4,1,1
BRDA:67,5,0,0
BRDA:67,5,1,1
BRDA:67,6,0,1
BRDA:67,6,1,1
BRDA:67,7,0,0
BRDA:67,7,1,1
BRDA:67,8,0,1
BRDA:67,8,1,1
BRDA:128,9,0,0
BRDA:128,9,1,0
BRDA:128,10,0,0
BRDA:128,10,1,0
BRDA:136,11,0,0
BRDA:136,11,1,0
BRDA:144,12,0,0
BRDA:144,12,1,0
BRF:26
BRH:9
end_of_record
TN:
SF:src/ast/expression-generator.ts
FN:10,hasNoIndexerAccessorOrInvocation
FN:14,generateMultiPartNode
FN:235,(anonymous_3)
FN:48,(anonymous_4)
FN:71,(anonymous_5)
FN:94,(anonymous_6)
FN:95,(anonymous_7)
FN:98,(anonymous_8)
FN:99,(anonymous_9)
FN:102,(anonymous_10)
FN:103,(anonymous_11)
FN:106,(anonymous_12)
FN:107,(anonymous_13)
FN:110,(anonymous_14)
FN:111,(anonymous_15)
FN:114,(anonymous_16)
FN:115,(anonymous_17)
FN:118,(anonymous_18)
FN:119,(anonymous_19)
FN:132,(anonymous_20)
FN:133,(anonymous_21)
FN:154,(anonymous_22)
FN:155,(anonymous_23)
FN:168,(anonymous_24)
FN:169,(anonymous_25)
FN:182,(anonymous_26)
FN:183,(anonymous_27)
FN:200,(anonymous_28)
FN:216,(anonymous_29)
FN:220,(anonymous_30)
FN:225,(anonymous_31)
FN:230,(anonymous_32)
FN:239,(anonymous_33)
FN:254,(anonymous_34)
FN:258,(anonymous_35)
FN:341,(anonymous_36)
FN:278,(anonymous_37)
FN:298,(anonymous_38)
FN:318,(anonymous_39)
FN:347,(anonymous_40)
FN:351,(anonymous_41)
FNF:41
FNH:38
FNDA:1740,hasNoIndexerAccessorOrInvocation
FNDA:15325,generateMultiPartNode
FNDA:18669,(anonymous_3)
FNDA:251,(anonymous_4)
FNDA:1340,(anonymous_5)
FNDA:1340,(anonymous_6)
FNDA:5,(anonymous_7)
FNDA:1345,(anonymous_8)
FNDA:12,(anonymous_9)
FNDA:1357,(anonymous_10)
FNDA:10,(anonymous_11)
FNDA:1367,(anonymous_12)
FNDA:2,(anonymous_13)
FNDA:1369,(anonymous_14)
FNDA:2,(anonymous_15)
FNDA:1371,(anonymous_16)
FNDA:2,(anonymous_17)
FNDA:1373,(anonymous_18)
FNDA:52,(anonymous_19)
FNDA:1425,(anonymous_20)
FNDA:21,(anonymous_21)
FNDA:1446,(anonymous_22)
FNDA:4,(anonymous_23)
FNDA:1450,(anonymous_24)
FNDA:32,(anonymous_25)
FNDA:1482,(anonymous_26)
FNDA:7,(anonymous_27)
FNDA:1740,(anonymous_28)
FNDA:0,(anonymous_29)
FNDA:13,(anonymous_30)
FNDA:0,(anonymous_31)
FNDA:0,(anonymous_32)
FNDA:18669,(anonymous_33)
FNDA:18567,(anonymous_34)
FNDA:354,(anonymous_35)
FNDA:382,(anonymous_36)
FNDA:51,(anonymous_37)
FNDA:159,(anonymous_38)
FNDA:172,(anonymous_39)
FNDA:382,(anonymous_40)
FNDA:382,(anonymous_41)
DA:2,1
DA:4,1
DA:5,1
DA:6,1
DA:7,1
DA:8,1
DA:11,1740
DA:15,15325
DA:17,15325
DA:18,0
DA:21,15325
DA:22,15185
DA:25,140
DA:26,0
DA:29,140
DA:30,140
DA:31,140
DA:33,140
DA:35,140
DA:36,9
DA:38,9
DA:39,9
DA:40,9
DA:44,140
DA:47,1
DA:48,18669
DA:49,251
DA:50,251
DA:52,251
DA:53,231
DA:56,20
DA:57,2
DA:60,18
DA:61,7
DA:64,11
DA:65,10
DA:68,1
DA:71,18669
DA:72,1340
DA:74,1340
DA:75,1327
DA:78,13
DA:79,0
DA:82,13
DA:83,0
DA:86,13
DA:87,13
DA:88,13
DA:89,13
DA:91,13
DA:94,18669
DA:95,1340
DA:98,18669
DA:99,1345
DA:102,18669
DA:103,1357
DA:106,18669
DA:107,1367
DA:110,18669
DA:111,1369
DA:114,18669
DA:115,1371
DA:118,18669
DA:119,1373
DA:120,52
DA:121,40
DA:124,12
DA:125,12
DA:128,0
DA:132,18669
DA:133,1425
DA:134,21
DA:135,9
DA:138,12
DA:139,5
DA:142,7
DA:143,4
DA:146,3
DA:147,3
DA:150,0
DA:154,18669
DA:155,1446
DA:156,4
DA:157,2
DA:160,2
DA:161,2
DA:164,0
DA:168,18669
DA:169,1450
DA:170,32
DA:171,28
DA:174,4
DA:175,4
DA:178,0
DA:182,18669
DA:183,1482
DA:184,7
DA:185,2
DA:188,5
DA:189,2
DA:192,3
DA:193,3
DA:196,0
DA:200,18669
DA:201,1740
DA:202,1389
DA:205,351
DA:207,351
DA:209,351
DA:210,382
DA:213,351
DA:216,18669
DA:217,0
DA:220,18669
DA:221,13
DA:222,13
DA:225,18669
DA:226,0
DA:227,0
DA:230,18669
DA:231,0
DA:232,0
DA:236,18669
DA:240,18669
DA:241,0
DA:244,18669
DA:245,18669
DA:247,18668
DA:248,0
DA:251,18668
DA:255,18567
DA:259,354
DA:261,354
DA:262,54
DA:265,300
DA:266,538
DA:268,538
DA:269,538
DA:273,300
DA:278,382
DA:279,51
DA:281,51
DA:282,48
DA:284,48
DA:285,48
DA:288,0
DA:289,3
DA:290,3
DA:291,3
DA:292,3
DA:295,0
DA:298,382
DA:299,159
DA:301,159
DA:302,155
DA:305,4
DA:306,0
DA:309,4
DA:311,4
DA:312,4
DA:315,0
DA:318,382
DA:319,172
DA:320,172
DA:322,172
DA:323,164
DA:324,0
DA:327,164
DA:330,8
DA:332,8
DA:333,0
DA:336,8
DA:342,382
DA:344,382
DA:348,382
DA:352,382
DA:353,0
DA:356,382
DA:357,382
DA:359,382
DA:360,0
DA:363,382
LF:182
LH:158
BRDA:11,0,0,1740
BRDA:11,0,1,1690
BRDA:11,0,2,1556
BRDA:15,1,0,15325
BRDA:15,1,1,0
BRDA:15,2,0,15325
BRDA:15,2,1,15325
BRDA:17,3,0,0
BRDA:17,3,1,15325
BRDA:21,4,0,15185
BRDA:21,4,1,140
BRDA:25,5,0,0
BRDA:25,5,1,140
BRDA:38,6,0,9
BRDA:38,6,1,0
BRDA:39,7,0,0
BRDA:39,7,1,9
BRDA:39,8,0,9
BRDA:39,8,1,9
BRDA:52,9,0,231
BRDA:52,9,1,20
BRDA:56,10,0,2
BRDA:56,10,1,18
BRDA:60,11,0,7
BRDA:60,11,1,11
BRDA:64,12,0,10
BRDA:64,12,1,1
BRDA:64,13,0,11
BRDA:64,13,1,2
BRDA:74,14,0,1327
BRDA:74,14,1,13
BRDA:74,15,0,1340
BRDA:74,15,1,1327
BRDA:78,16,0,0
BRDA:78,16,1,13
BRDA:82,17,0,0
BRDA:82,17,1,13
BRDA:120,18,0,40
BRDA:120,18,1,12
BRDA:124,19,0,12
BRDA:124,19,1,0
BRDA:134,20,0,9
BRDA:134,20,1,12
BRDA:138,21,0,5
BRDA:138,21,1,7
BRDA:142,22,0,4
BRDA:142,22,1,3
BRDA:146,23,0,3
BRDA:146,23,1,0
BRDA:156,24,0,2
BRDA:156,24,1,2
BRDA:160,25,0,2
BRDA:160,25,1,0
BRDA:170,26,0,28
BRDA:170,26,1,4
BRDA:174,27,0,4
BRDA:174,27,1,0
BRDA:184,28,0,2
BRDA:184,28,1,5
BRDA:188,29,0,2
BRDA:188,29,1,3
BRDA:192,30,0,3
BRDA:192,30,1,0
BRDA:201,31,0,1389
BRDA:201,31,1,351
BRDA:240,32,0,0
BRDA:240,32,1,18669
BRDA:247,33,0,0
BRDA:247,33,1,18668
BRDA:261,34,0,54
BRDA:261,34,1,300
BRDA:268,35,0,538
BRDA:268,35,1,0
BRDA:281,36,0,48
BRDA:281,36,1,3
BRDA:284,37,0,48
BRDA:284,37,1,0
BRDA:289,38,0,3
BRDA:289,38,1,0
BRDA:289,39,0,3
BRDA:289,39,1,3
BRDA:301,40,0,155
BRDA:301,40,1,4
BRDA:305,41,0,0
BRDA:305,41,1,4
BRDA:311,42,0,4
BRDA:311,42,1,0
BRDA:322,43,0,164
BRDA:322,43,1,8
BRDA:323,44,0,0
BRDA:323,44,1,164
BRDA:332,45,0,0
BRDA:332,45,1,8
BRDA:348,46,0,0
BRDA:348,46,1,382
BRDA:348,47,0,382
BRDA:348,47,1,382
BRDA:348,48,0,0
BRDA:348,48,1,382
BRDA:348,49,0,382
BRDA:348,49,1,382
BRDA:352,50,0,0
BRDA:352,50,1,382
BRDA:359,51,0,0
BRDA:359,51,1,382
BRF:105
BRH:80
end_of_record
TN:
SF:src/ast/index.ts
FN:18,internalGenerateCst
FN:37,generateCst
FN:39,(anonymous_3)
FN:47,hasErrorOrArtificialToken
FN:71,getSanitizedCst
FN:92,internalGenerateAst
FN:120,generateAst
FN:121,(anonymous_8)
FN:130,parseExpression
FN:131,(anonymous_10)
FNF:10
FNH:8
FNDA:160,internalGenerateCst
FNDA:160,generateCst
FNDA:160,(anonymous_3)
FNDA:35723,hasErrorOrArtificialToken
FNDA:160,getSanitizedCst
FNDA:160,internalGenerateAst
FNDA:160,generateAst
FNDA:160,(anonymous_8)
FNDA:0,parseExpression
FNDA:0,(anonymous_10)
DA:1,1
DA:2,1
DA:3,1
DA:6,1
DA:7,1
DA:8,1
DA:9,1
DA:10,1
DA:19,160
DA:20,160
DA:22,160
DA:23,160
DA:24,160
DA:26,160
DA:27,160
DA:28,160
DA:30,160
DA:32,160
DA:34,160
DA:38,160
DA:39,160
DA:48,35723
DA:49,2
DA:52,35721
DA:53,35721
DA:54,4
DA:57,35717
DA:58,35479
DA:59,106
DA:63,35611
DA:72,160
DA:73,160
DA:75,160
DA:76,244
DA:77,6
DA:78,6
DA:81,238
DA:84,160
DA:93,160
DA:94,160
DA:96,160
DA:97,238
DA:98,238
DA:100,237
DA:101,237
DA:104,1
DA:106,1
DA:110,160
DA:111,6
DA:112,6
DA:114,6
DA:117,160
DA:120,1
DA:121,160
DA:123,160
DA:125,160
DA:127,160
DA:130,1
DA:131,0
DA:133,0
DA:134,0
DA:137,0
DA:138,0
DA:141,0
DA:143,0
DA:144,0
DA:145,0
DA:147,0
DA:154,0
LF:69
LH:58
BRDA:48,0,0,2
BRDA:48,0,1,35721
BRDA:53,1,0,4
BRDA:53,1,1,35717
BRDA:53,2,0,35721
BRDA:53,2,1,4
BRDA:53,2,2,4
BRDA:53,3,0,30373
BRDA:53,3,1,5348
BRDA:53,4,0,35721
BRDA:53,4,1,35721
BRDA:53,5,0,0
BRDA:53,5,1,35721
BRDA:53,6,0,35721
BRDA:53,6,1,35721
BRDA:53,7,0,0
BRDA:53,7,1,4
BRDA:53,8,0,4
BRDA:53,8,1,4
BRDA:53,9,0,0
BRDA:53,9,1,4
BRDA:53,10,0,4
BRDA:53,10,1,4
BRDA:53,11,0,0
BRDA:53,11,1,4
BRDA:53,12,0,4
BRDA:53,12,1,4
BRDA:53,13,0,0
BRDA:53,13,1,4
BRDA:53,14,0,4
BRDA:53,14,1,4
BRDA:57,15,0,30358
BRDA:57,15,1,5359
BRDA:57,16,0,35717
BRDA:57,16,1,35702
BRDA:58,17,0,106
BRDA:58,17,1,35373
BRDA:76,18,0,6
BRDA:76,18,1,238
BRDA:100,19,0,237
BRDA:100,19,1,0
BRDA:133,20,0,0
BRDA:133,20,1,0
BRDA:137,21,0,0
BRDA:137,21,1,0
BRDA:143,22,0,0
BRDA:143,22,1,0
BRF:47
BRH:35
end_of_record
TN:
SF:src/ast/nodes.ts
FN:28,getDepthIndent
FN:36,(anonymous_1)
FN:40,(anonymous_2)
FN:44,(anonymous_3)
FN:51,(anonymous_4)
FN:61,(anonymous_5)
FN:65,(anonymous_6)
FN:71,(anonymous_7)
FN:85,(anonymous_8)
FN:89,(anonymous_9)
FN:93,(anonymous_10)
FN:97,(anonymous_11)
FN:107,(anonymous_12)
FN:115,(anonymous_13)
FN:134,(anonymous_14)
FN:138,(anonymous_15)
FN:142,(anonymous_16)
FN:151,(anonymous_17)
FN:158,(anonymous_18)
FN:163,(anonymous_19)
FN:175,(anonymous_20)
FN:179,(anonymous_21)
FN:187,(anonymous_22)
FN:192,(anonymous_23)
FN:204,(anonymous_24)
FN:208,(anonymous_25)
FN:212,(anonymous_26)
FN:216,(anonymous_27)
FN:220,(anonymous_28)
FN:231,(anonymous_29)
FN:235,(anonymous_30)
FN:239,(anonymous_31)
FN:246,(anonymous_32)
FN:262,(anonymous_33)
FN:266,(anonymous_34)
FN:270,(anonymous_35)
FN:274,(anonymous_36)
FN:278,(anonymous_37)
FN:289,(anonymous_38)
FN:294,(anonymous_39)
FN:309,(anonymous_40)
FN:313,(anonymous_41)
FN:317,(anonymous_42)
FN:321,(anonymous_43)
FN:331,(anonymous_44)
FN:335,(anonymous_45)
FN:339,(anonymous_46)
FN:346,(anonymous_47)
FN:361,(anonymous_48)
FN:365,(anonymous_49)
FN:369,(anonymous_50)
FN:373,(anonymous_51)
FN:383,(anonymous_52)
FN:388,(anonymous_53)
FN:390,(anonymous_54)
FN:409,(anonymous_55)
FN:413,(anonymous_56)
FN:417,(anonymous_57)
FN:421,(anonymous_58)
FN:431,(anonymous_59)
FN:432,(anonymous_60)
FN:436,(anonymous_61)
FN:447,(anonymous_62)
FN:451,(anonymous_63)
FN:459,(anonymous_64)
FN:462,(anonymous_65)
FN:475,(anonymous_66)
FN:479,(anonymous_67)
FN:483,(anonymous_68)
FN:487,(anonymous_69)
FN:497,(anonymous_70)
FN:501,(anonymous_71)
FN:505,(anonymous_72)
FN:512,(anonymous_73)
FN:521,(anonymous_74)
FN:529,(anonymous_75)
FN:537,(anonymous_76)
FN:549,(anonymous_77)
FN:553,(anonymous_78)
FN:561,(anonymous_79)
FN:571,(anonymous_80)
FN:577,(anonymous_81)
FN:589,(anonymous_82)
FN:593,(anonymous_83)
FN:601,(anonymous_84)
FN:613,(anonymous_85)
FN:617,(anonymous_86)
FN:625,(anonymous_87)
FN:631,(anonymous_88)
FN:640,(anonymous_89)
FN:644,(anonymous_90)
FN:648,(anonymous_91)
FN:655,(anonymous_92)
FN:664,(anonymous_93)
FN:668,(anonymous_94)
FN:672,(anonymous_95)
FN:679,(anonymous_96)
FN:688,(anonymous_97)
FN:692,(anonymous_98)
FN:696,(anonymous_99)
FN:703,(anonymous_100)
FN:712,(anonymous_101)
FN:716,(anonymous_102)
FN:720,(anonymous_103)
FN:727,(anonymous_104)
FN:737,(anonymous_105)
FN:741,(anonymous_106)
FN:745,(anonymous_107)
FN:749,(anonymous_108)
FN:757,(anonymous_109)
FN:762,(anonymous_110)
FN:766,(anonymous_111)
FN:770,(anonymous_112)
FN:774,(anonymous_113)
FN:778,(anonymous_114)
FN:782,(anonymous_115)
FN:786,(anonymous_116)
FN:790,(anonymous_117)
FN:794,(anonymous_118)
FN:798,(anonymous_119)
FN:802,(anonymous_120)
FN:806,(anonymous_121)
FN:810,(anonymous_122)
FN:814,(anonymous_123)
FN:818,(anonymous_124)
FN:822,(anonymous_125)
FN:826,(anonymous_126)
FN:830,(anonymous_127)
FN:834,(anonymous_128)
FN:839,(anonymous_129)
FN:845,(anonymous_130)
FN:851,(anonymous_131)
FN:857,(anonymous_132)
FN:866,(anonymous_133)
FN:870,(anonymous_134)
FN:874,(anonymous_135)
FN:881,(anonymous_136)
FN:890,(anonymous_137)
FN:900,(anonymous_138)
FN:910,(anonymous_139)
FN:914,(anonymous_140)
FN:918,(anonymous_141)
FN:922,(anonymous_142)
FN:930,(anonymous_143)
FN:939,(anonymous_144)
FN:943,(anonymous_145)
FN:947,(anonymous_146)
FN:954,(anonymous_147)
FN:963,(anonymous_148)
FN:972,(anonymous_149)
FN:976,(anonymous_150)
FN:980,(anonymous_151)
FN:987,(anonymous_152)
FN:996,(anonymous_153)
FN:1006,(anonymous_154)
FN:1016,(anonymous_155)
FN:1020,(anonymous_156)
FN:1024,(anonymous_157)
FN:1028,(anonymous_158)
FN:1036,(anonymous_159)
FN:1040,(anonymous_160)
FN:1048,(anonymous_161)
FN:1058,(anonymous_162)
FN:1068,(anonymous_163)
FN:1072,(anonymous_164)
FN:1076,(anonymous_165)
FN:1080,(anonymous_166)
FN:1088,(anonymous_167)
FN:1093,(anonymous_168)
FN:1101,(anonymous_169)
FN:1111,(anonymous_170)
FN:1120,(anonymous_171)
FN:1124,(anonymous_172)
FN:1128,(anonymous_173)
FN:1135,(anonymous_174)
FN:1137,(anonymous_175)
FN:1145,(anonymous_176)
FN:1155,(anonymous_177)
FN:1164,(anonymous_178)
FN:1168,(anonymous_179)
FN:1172,(anonymous_180)
FN:1179,(anonymous_181)
FN:1181,(anonymous_182)
FN:1188,(anonymous_183)
FN:1198,(anonymous_184)
FN:1206,(anonymous_185)
FN:1210,(anonymous_186)
FN:1216,(anonymous_187)
FN:1226,(anonymous_188)
FN:1230,(anonymous_189)
FN:1234,(anonymous_190)
FN:1238,(anonymous_191)
FN:1246,(anonymous_192)
FN:1248,(anonymous_193)
FN:1265,(anonymous_194)
FN:1269,(anonymous_195)
FN:1275,(anonymous_196)
FN:1276,(anonymous_197)
FN:1283,(anonymous_198)
FN:1287,(anonymous_199)
FN:1293,(anonymous_200)
FN:1294,(anonymous_201)
FN:1302,(anonymous_202)
FN:1306,(anonymous_203)
FN:1310,(anonymous_204)
FN:1318,(anonymous_205)
FN:1325,(anonymous_206)
FN:1331,(anonymous_207)
FN:1338,(anonymous_208)
FN:1345,(anonymous_209)
FN:1352,(anonymous_210)
FN:1359,(anonymous_211)
FNF:212
FNH:128
FNDA:188,getDepthIndent
FNDA:1,(anonymous_1)
FNDA:0,(anonymous_2)
FNDA:7,(anonymous_3)
FNDA:7,(anonymous_4)
FNDA:0,(anonymous_5)
FNDA:0,(anonymous_6)
FNDA:0,(anonymous_7)
FNDA:24,(anonymous_8)
FNDA:14,(anonymous_9)
FNDA:9,(anonymous_10)
FNDA:67,(anonymous_11)
FNDA:0,(anonymous_12)
FNDA:0,(anonymous_13)
FNDA:16,(anonymous_14)
FNDA:22,(anonymous_15)
FNDA:102,(anonymous_16)
FNDA:0,(anonymous_17)
FNDA:0,(anonymous_18)
FNDA:0,(anonymous_19)
FNDA:6,(anonymous_20)
FNDA:32,(anonymous_21)
FNDA:0,(anonymous_22)
FNDA:0,(anonymous_23)
FNDA:0,(anonymous_24)
FNDA:0,(anonymous_25)
FNDA:0,(anonymous_26)
FNDA:0,(anonymous_27)
FNDA:27,(anonymous_28)
FNDA:26,(anonymous_29)
FNDA:1,(anonymous_30)
FNDA:4,(anonymous_31)
FNDA:4,(anonymous_32)
FNDA:0,(anonymous_33)
FNDA:0,(anonymous_34)
FNDA:0,(anonymous_35)
FNDA:0,(anonymous_36)
FNDA:2,(anonymous_37)
FNDA:1,(anonymous_38)
FNDA:1,(anonymous_39)
FNDA:0,(anonymous_40)
FNDA:0,(anonymous_41)
FNDA:0,(anonymous_42)
FNDA:3,(anonymous_43)
FNDA:2,(anonymous_44)
FNDA:1,(anonymous_45)
FNDA:2,(anonymous_46)
FNDA:2,(anonymous_47)
FNDA:0,(anonymous_48)
FNDA:0,(anonymous_49)
FNDA:0,(anonymous_50)
FNDA:8,(anonymous_51)
FNDA:7,(anonymous_52)
FNDA:6,(anonymous_53)
FNDA:7,(anonymous_54)
FNDA:0,(anonymous_55)
FNDA:0,(anonymous_56)
FNDA:0,(anonymous_57)
FNDA:8,(anonymous_58)
FNDA:7,(anonymous_59)
FNDA:8,(anonymous_60)
FNDA:6,(anonymous_61)
FNDA:0,(anonymous_62)
FNDA:3,(anonymous_63)
FNDA:3,(anonymous_64)
FNDA:2,(anonymous_65)
FNDA:0,(anonymous_66)
FNDA:0,(anonymous_67)
FNDA:0,(anonymous_68)
FNDA:5,(anonymous_69)
FNDA:5,(anonymous_70)
FNDA:0,(anonymous_71)
FNDA:5,(anonymous_72)
FNDA:7,(anonymous_73)
FNDA:2,(anonymous_74)
FNDA:2,(anonymous_75)
FNDA:2,(anonymous_76)
FNDA:0,(anonymous_77)
FNDA:26,(anonymous_78)
FNDA:3,(anonymous_79)
FNDA:1,(anonymous_80)
FNDA:1,(anonymous_81)
FNDA:15,(anonymous_82)
FNDA:316,(anonymous_83)
FNDA:130,(anonymous_84)
FNDA:0,(anonymous_85)
FNDA:0,(anonymous_86)
FNDA:0,(anonymous_87)
FNDA:0,(anonymous_88)
FNDA:5,(anonymous_89)
FNDA:5,(anonymous_90)
FNDA:231,(anonymous_91)
FNDA:89,(anonymous_92)
FNDA:1,(anonymous_93)
FNDA:1,(anonymous_94)
FNDA:2,(anonymous_95)
FNDA:1,(anonymous_96)
FNDA:1,(anonymous_97)
FNDA:1,(anonymous_98)
FNDA:10,(anonymous_99)
FNDA:0,(anonymous_100)
FNDA:6,(anonymous_101)
FNDA:2,(anonymous_102)
FNDA:7,(anonymous_103)
FNDA:2,(anonymous_104)
FNDA:0,(anonymous_105)
FNDA:0,(anonymous_106)
FNDA:0,(anonymous_107)
FNDA:13,(anonymous_108)
FNDA:0,(anonymous_109)
FNDA:5,(anonymous_110)
FNDA:10,(anonymous_111)
FNDA:12,(anonymous_112)
FNDA:2,(anonymous_113)
FNDA:2,(anonymous_114)
FNDA:2,(anonymous_115)
FNDA:40,(anonymous_116)
FNDA:12,(anonymous_117)
FNDA:9,(anonymous_118)
FNDA:5,(anonymous_119)
FNDA:4,(anonymous_120)
FNDA:3,(anonymous_121)
FNDA:2,(anonymous_122)
FNDA:2,(anonymous_123)
FNDA:28,(anonymous_124)
FNDA:4,(anonymous_125)
FNDA:2,(anonymous_126)
FNDA:2,(anonymous_127)
FNDA:3,(anonymous_128)
FNDA:0,(anonymous_129)
FNDA:0,(anonymous_130)
FNDA:0,(anonymous_131)
FNDA:0,(anonymous_132)
FNDA:0,(anonymous_133)
FNDA:0,(anonymous_134)
FNDA:48,(anonymous_135)
FNDA:4,(anonymous_136)
FNDA:0,(anonymous_137)
FNDA:0,(anonymous_138)
FNDA:0,(anonymous_139)
FNDA:0,(anonymous_140)
FNDA:0,(anonymous_141)
FNDA:3,(anonymous_142)
FNDA:0,(anonymous_143)
FNDA:2,(anonymous_144)
FNDA:2,(anonymous_145)
FNDA:155,(anonymous_146)
FNDA:6,(anonymous_147)
FNDA:0,(anonymous_148)
FNDA:0,(anonymous_149)
FNDA:0,(anonymous_150)
FNDA:4,(anonymous_151)
FNDA:2,(anonymous_152)
FNDA:0,(anonymous_153)
FNDA:0,(anonymous_154)
FNDA:7,(anonymous_155)
FNDA:7,(anonymous_156)
FNDA:9,(anonymous_157)
FNDA:164,(anonymous_158)
FNDA:8,(anonymous_159)
FNDA:9,(anonymous_160)
FNDA:0,(anonymous_161)
FNDA:0,(anonymous_162)
FNDA:0,(anonymous_163)
FNDA:0,(anonymous_164)
FNDA:0,(anonymous_165)
FNDA:8,(anonymous_166)
FNDA:5,(anonymous_167)
FNDA:7,(anonymous_168)
FNDA:0,(anonymous_169)
FNDA:0,(anonymous_170)
FNDA:0,(anonymous_171)
FNDA:0,(anonymous_172)
FNDA:4,(anonymous_173)
FNDA:4,(anonymous_174)
FNDA:5,(anonymous_175)
FNDA:0,(anonymous_176)
FNDA:0,(anonymous_177)
FNDA:0,(anonymous_178)
FNDA:0,(anonymous_179)
FNDA:168,(anonymous_180)
FNDA:35,(anonymous_181)
FNDA:11,(anonymous_182)
FNDA:0,(anonymous_183)
FNDA:0,(anonymous_184)
FNDA:0,(anonymous_185)
FNDA:48,(anonymous_186)
FNDA:1,(anonymous_187)
FNDA:0,(anonymous_188)
FNDA:0,(anonymous_189)
FNDA:0,(anonymous_190)
FNDA:10,(anonymous_191)
FNDA:7,(anonymous_192)
FNDA:8,(anonymous_193)
FNDA:6,(anonymous_194)
FNDA:74,(anonymous_195)
FNDA:10,(anonymous_196)
FNDA:15,(anonymous_197)
FNDA:0,(anonymous_198)
FNDA:4,(anonymous_199)
FNDA:4,(anonymous_200)
FNDA:4,(anonymous_201)
FNDA:0,(anonymous_202)
FNDA:0,(anonymous_203)
FNDA:4,(anonymous_204)
FNDA:4,(anonymous_205)
FNDA:290,(anonymous_206)
FNDA:2,(anonymous_207)
FNDA:3,(anonymous_208)
FNDA:5,(anonymous_209)
FNDA:0,(anonymous_210)
FNDA:0,(anonymous_211)
DA:1,1
DA:29,188
DA:32,1
DA:37,1
DA:41,0
DA:45,7
DA:47,7
DA:48,7
DA:52,7
DA:54,7
DA:58,1
DA:62,0
DA:66,0
DA:68,0
DA:72,0
DA:74,0
DA:78,1
DA:86,24
DA:90,14
DA:94,9
DA:98,67
DA:100,67
DA:102,67
DA:103,67
DA:104,67
DA:108,0
DA:110,0
DA:111,0
DA:112,0
DA:114,0
DA:115,0
DA:118,0
DA:119,0
DA:122,0
DA:124,0
DA:128,1
DA:135,16
DA:139,22
DA:143,102
DA:145,102
DA:147,102
DA:148,102
DA:152,0
DA:154,0
DA:155,0
DA:158,0
DA:162,1
DA:164,0
DA:166,0
DA:170,1
DA:176,6
DA:180,32
DA:182,32
DA:184,32
DA:188,0
DA:189,0
DA:192,0
DA:196,1
DA:205,0
DA:209,0
DA:213,0
DA:217,0
DA:221,27
DA:223,27
DA:225,27
DA:226,27
DA:227,27
DA:228,27
DA:232,26
DA:236,1
DA:240,4
DA:242,4
DA:244,4
DA:246,4
DA:248,4
DA:250,4
DA:254,1
DA:263,0
DA:267,0
DA:271,0
DA:275,0
DA:279,2
DA:281,2
DA:283,2
DA:284,2
DA:285,2
DA:286,2
DA:290,1
DA:292,1
DA:294,1
DA:296,1
DA:298,1
DA:302,1
DA:310,0
DA:314,0
DA:318,0
DA:322,3
DA:324,3
DA:326,3
DA:327,3
DA:328,3
DA:332,2
DA:336,1
DA:340,2
DA:342,2
DA:344,2
DA:346,2
DA:348,2
DA:350,2
DA:354,1
DA:362,0
DA:366,0
DA:370,0
DA:374,8
DA:376,8
DA:378,8
DA:379,8
DA:380,8
DA:384,7
DA:386,7
DA:388,7
DA:390,7
DA:392,7
DA:394,7
DA:396,7
DA:400,1
DA:410,0
DA:414,0
DA:418,0
DA:422,8
DA:424,8
DA:426,8
DA:427,8
DA:428,8
DA:432,8
DA:434,7
DA:436,7
DA:438,7
DA:442,1
DA:448,0
DA:452,3
DA:454,3
DA:456,3
DA:460,3
DA:462,3
DA:464,3
DA:468,1
DA:476,0
DA:480,0
DA:484,0
DA:488,5
DA:490,5
DA:492,5
DA:493,5
DA:494,5
DA:498,5
DA:502,0
DA:506,5
DA:508,5
DA:510,5
DA:512,7
DA:514,5
DA:516,5
DA:520,1
DA:522,2
DA:524,2
DA:528,1
DA:530,2
DA:532,2
DA:536,1
DA:538,2
DA:540,2
DA:544,1
DA:550,0
DA:554,26
DA:556,26
DA:558,26
DA:562,3
DA:564,3
DA:568,1
DA:572,1
DA:574,1
DA:578,1
DA:580,1
DA:584,1
DA:590,15
DA:594,316
DA:596,316
DA:598,316
DA:602,130
DA:604,130
DA:608,1
DA:614,0
DA:618,0
DA:620,0
DA:622,0
DA:626,0
DA:628,0
DA:632,0
DA:636,1
DA:641,5
DA:645,5
DA:649,231
DA:651,231
DA:652,231
DA:656,89
DA:660,1
DA:665,1
DA:669,1
DA:673,2
DA:675,2
DA:676,2
DA:680,1
DA:684,1
DA:689,1
DA:693,1
DA:697,10
DA:699,10
DA:700,10
DA:704,0
DA:708,1
DA:713,6
DA:717,2
DA:721,7
DA:723,7
DA:724,7
DA:728,2
DA:732,1
DA:738,0
DA:742,0
DA:746,0
DA:750,13
DA:752,13
DA:753,13
DA:754,13
DA:758,0
DA:762,1
DA:763,5
DA:766,1
DA:767,10
DA:770,1
DA:771,12
DA:774,1
DA:775,2
DA:778,1
DA:779,2
DA:782,1
DA:783,2
DA:786,1
DA:787,40
DA:790,1
DA:791,12
DA:794,1
DA:795,9
DA:798,1
DA:799,5
DA:802,1
DA:803,4
DA:806,1
DA:807,3
DA:810,1
DA:811,2
DA:814,1
DA:815,2
DA:818,1
DA:819,28
DA:822,1
DA:823,4
DA:826,1
DA:827,2
DA:830,1
DA:831,2
DA:834,1
DA:835,3
DA:838,1
DA:840,0
DA:844,1
DA:846,0
DA:850,1
DA:852,0
DA:856,1
DA:858,0
DA:862,1
DA:867,0
DA:871,0
DA:875,48
DA:877,48
DA:878,48
DA:882,4
DA:883,4
DA:885,4
DA:889,1
DA:891,0
DA:893,0
DA:894,0
DA:897,0
DA:901,0
DA:905,1
DA:911,0
DA:915,0
DA:919,0
DA:923,3
DA:925,3
DA:926,3
DA:927,3
DA:931,0
DA:935,1
DA:940,2
DA:944,2
DA:948,155
DA:950,155
DA:951,155
DA:955,6
DA:956,6
DA:958,6
DA:962,1
DA:964,0
DA:968,1
DA:973,0
DA:977,0
DA:981,4
DA:983,4
DA:984,4
DA:988,2
DA:989,2
DA:991,2
DA:995,1
DA:997,0
DA:999,0
DA:1000,0
DA:1003,0
DA:1007,0
DA:1011,1
DA:1017,7
DA:1021,7
DA:1025,9
DA:1029,164
DA:1031,164
DA:1032,164
DA:1033,164
DA:1037,8
DA:1038,8
DA:1039,8
DA:1040,9
DA:1041,8
DA:1043,8
DA:1047,1
DA:1049,0
DA:1051,0
DA:1052,0
DA:1055,0
DA:1059,0
DA:1063,1
DA:1069,0
DA:1073,0
DA:1077,0
DA:1081,8
DA:1083,8
DA:1084,8
DA:1085,8
DA:1089,5
DA:1090,5
DA:1091,5
DA:1092,5
DA:1093,7
DA:1094,5
DA:1096,5
DA:1100,1
DA:1102,0
DA:1104,0
DA:1105,0
DA:1108,0
DA:1112,0
DA:1116,1
DA:1121,0
DA:1125,0
DA:1129,4
DA:1131,4
DA:1132,4
DA:1136,4
DA:1137,5
DA:1139,4
DA:1144,1
DA:1146,0
DA:1148,0
DA:1149,0
DA:1152,0
DA:1156,0
DA:1160,1
DA:1165,0
DA:1169,0
DA:1173,168
DA:1175,168
DA:1176,168
DA:1180,35
DA:1181,35
DA:1183,35
DA:1187,1
DA:1189,0
DA:1191,0
DA:1192,0
DA:1195,0
DA:1199,0
DA:1203,1
DA:1207,0
DA:1211,48
DA:1213,48
DA:1217,1
DA:1221,1
DA:1227,0
DA:1231,0
DA:1235,0
DA:1239,10
DA:1241,10
DA:1242,10
DA:1243,10
DA:1247,7
DA:1248,8
DA:1252,1
DA:1254,1
DA:1256,1
DA:1258,1
DA:1260,1
DA:1262,1
DA:1266,6
DA:1270,74
DA:1272,74
DA:1276,15
DA:1280,1
DA:1284,0
DA:1288,4
DA:1290,4
DA:1294,4
DA:1298,1
DA:1303,0
DA:1307,0
DA:1311,4
DA:1313,4
DA:1314,4
DA:1319,4
DA:1323,1
DA:1326,290
DA:1330,1
DA:1332,2
DA:1336,1
DA:1339,3
DA:1343,1
DA:1346,5
DA:1350,1
DA:1353,0
DA:1357,1
DA:1360,0
LF:452
LH:333
BRDA:52,0,0,0
BRDA:52,0,1,7
BRDA:72,1,0,0
BRDA:72,1,1,0
BRDA:103,2,0,67
BRDA:103,2,1,0
BRDA:103,3,0,67
BRDA:103,3,1,67
BRDA:107,4,0,0
BRDA:108,5,0,0
BRDA:108,5,1,0
BRDA:110,6,0,0
BRDA:110,6,1,0
BRDA:110,7,0,0
BRDA:110,7,1,0
BRDA:114,8,0,0
BRDA:114,8,1,0
BRDA:115,9,0,0
BRDA:115,9,1,0
BRDA:115,10,0,0
BRDA:115,10,1,0
BRDA:115,11,0,0
BRDA:115,11,1,0
BRDA:118,12,0,0
BRDA:118,12,1,0
BRDA:148,13,0,102
BRDA:148,13,1,0
BRDA:148,14,0,102
BRDA:148,14,1,102
BRDA:151,15,0,0
BRDA:152,16,0,0
BRDA:152,16,1,0
BRDA:152,17,0,0
BRDA:152,17,1,0
BRDA:154,18,0,0
BRDA:154,18,1,0
BRDA:158,19,0,0
BRDA:158,19,1,0
BRDA:158,20,0,0
BRDA:158,20,1,0
BRDA:184,21,0,32
BRDA:184,21,1,0
BRDA:184,22,0,32
BRDA:184,22,1,32
BRDA:187,23,0,0
BRDA:188,24,0,0
BRDA:188,24,1,0
BRDA:192,25,0,0
BRDA:192,25,1,0
BRDA:192,26,0,0
BRDA:192,26,1,0
BRDA:239,27,0,0
BRDA:240,28,0,0
BRDA:240,28,1,4
BRDA:242,29,0,1
BRDA:242,29,1,3
BRDA:244,30,0,0
BRDA:244,30,1,4
BRDA:244,31,0,4
BRDA:244,31,1,4
BRDA:244,32,0,0
BRDA:244,32,1,4
BRDA:244,33,0,4
BRDA:244,33,1,4
BRDA:246,34,0,0
BRDA:246,34,1,4
BRDA:246,35,0,4
BRDA:246,35,1,4
BRDA:246,36,0,4
BRDA:246,36,1,0
BRDA:289,37,0,0
BRDA:290,38,0,0
BRDA:290,38,1,1
BRDA:292,39,0,0
BRDA:292,39,1,1
BRDA:292,40,0,1
BRDA:292,40,1,1
BRDA:292,41,0,0
BRDA:292,41,1,1
BRDA:292,42,0,1
BRDA:292,42,1,1
BRDA:292,43,0,0
BRDA:292,43,1,1
BRDA:292,44,0,1
BRDA:292,44,1,1
BRDA:294,45,0,0
BRDA:294,45,1,1
BRDA:294,46,0,1
BRDA:294,46,1,1
BRDA:294,47,0,1
BRDA:294,47,1,0
BRDA:339,48,0,0
BRDA:340,49,0,0
BRDA:340,49,1,2
BRDA:342,50,0,1
BRDA:342,50,1,1
BRDA:344,51,0,0
BRDA:344,51,1,2
BRDA:344,52,0,2
BRDA:344,52,1,2
BRDA:346,53,0,0
BRDA:346,53,1,2
BRDA:346,54,0,2
BRDA:346,54,1,2
BRDA:346,55,0,2
BRDA:346,55,1,0
BRDA:383,56,0,0
BRDA:384,57,0,0
BRDA:384,57,1,7
BRDA:388,58,0,0
BRDA:388,58,1,6
BRDA:388,59,0,6
BRDA:388,59,1,6
BRDA:388,60,0,6
BRDA:388,60,1,1
BRDA:390,61,0,0
BRDA:390,61,1,7
BRDA:390,62,0,7
BRDA:390,62,1,7
BRDA:390,63,0,6
BRDA:390,63,1,1
BRDA:392,64,0,3
BRDA:392,64,1,4
BRDA:431,65,0,0
BRDA:432,66,0,0
BRDA:432,66,1,8
BRDA:432,67,0,8
BRDA:432,67,1,8
BRDA:434,68,0,0
BRDA:434,68,1,7
BRDA:434,69,0,7
BRDA:434,69,1,7
BRDA:434,70,0,6
BRDA:434,70,1,1
BRDA:436,71,0,0
BRDA:436,71,1,6
BRDA:436,72,0,6
BRDA:436,72,1,6
BRDA:459,73,0,0
BRDA:460,74,0,2
BRDA:460,74,1,1
BRDA:462,75,0,0
BRDA:462,75,1,2
BRDA:462,76,0,2
BRDA:462,76,1,2
BRDA:505,77,0,0
BRDA:506,78,0,0
BRDA:506,78,1,5
BRDA:508,79,0,0
BRDA:508,79,1,5
BRDA:510,80,0,0
BRDA:510,80,1,5
BRDA:510,81,0,5
BRDA:510,81,1,5
BRDA:512,82,0,0
BRDA:512,82,1,7
BRDA:512,83,0,7
BRDA:512,83,1,7
BRDA:512,84,0,5
BRDA:512,84,1,0
BRDA:521,85,0,0
BRDA:529,86,0,0
BRDA:537,87,0,0
BRDA:561,88,0,0
BRDA:562,89,0,0
BRDA:562,89,1,3
BRDA:564,90,0,0
BRDA:564,90,1,3
BRDA:564,91,0,3
BRDA:564,91,1,3
BRDA:577,92,0,0
BRDA:578,93,0,0
BRDA:578,93,1,1
BRDA:601,94,0,0
BRDA:602,95,0,0
BRDA:602,95,1,130
BRDA:604,96,0,0
BRDA:604,96,1,130
BRDA:604,97,0,130
BRDA:604,97,1,130
BRDA:625,98,0,0
BRDA:626,99,0,0
BRDA:626,99,1,0
BRDA:628,100,0,0
BRDA:628,100,1,0
BRDA:628,101,0,0
BRDA:628,101,1,0
BRDA:655,102,0,0
BRDA:656,103,0,0
BRDA:656,103,1,89
BRDA:656,104,0,89
BRDA:656,104,1,89
BRDA:656,105,0,0
BRDA:656,105,1,89
BRDA:656,106,0,89
BRDA:656,106,1,89
BRDA:679,107,0,0
BRDA:680,108,0,0
BRDA:680,108,1,1
BRDA:680,109,0,1
BRDA:680,109,1,1
BRDA:680,110,0,0
BRDA:680,110,1,1
BRDA:680,111,0,1
BRDA:680,111,1,1
BRDA:703,112,0,0
BRDA:704,113,0,0
BRDA:704,113,1,0
BRDA:704,114,0,0
BRDA:704,114,1,0
BRDA:704,115,0,0
BRDA:704,115,1,0
BRDA:704,116,0,0
BRDA:704,116,1,0
BRDA:727,117,0,0
BRDA:728,118,0,0
BRDA:728,118,1,2
BRDA:728,119,0,2
BRDA:728,119,1,2
BRDA:728,120,0,0
BRDA:728,120,1,2
BRDA:728,121,0,2
BRDA:728,121,1,2
BRDA:757,122,0,0
BRDA:758,123,0,0
BRDA:758,123,1,0
BRDA:758,124,0,0
BRDA:758,124,1,0
BRDA:758,125,0,0
BRDA:758,125,1,0
BRDA:758,126,0,0
BRDA:758,126,1,0
BRDA:758,127,0,0
BRDA:758,127,1,0
BRDA:758,128,0,0
BRDA:758,128,1,0
BRDA:839,129,0,0
BRDA:840,130,0,0
BRDA:840,130,1,0
BRDA:840,131,0,0
BRDA:840,131,1,0
BRDA:845,132,0,0
BRDA:846,133,0,0
BRDA:846,133,1,0
BRDA:846,134,0,0
BRDA:846,134,1,0
BRDA:851,135,0,0
BRDA:852,136,0,0
BRDA:852,136,1,0
BRDA:852,137,0,0
BRDA:852,137,1,0
BRDA:857,138,0,0
BRDA:858,139,0,0
BRDA:858,139,1,0
BRDA:858,140,0,0
BRDA:858,140,1,0
BRDA:881,141,0,0
BRDA:882,142,0,0
BRDA:882,142,1,4
BRDA:882,143,0,4
BRDA:882,143,1,4
BRDA:883,144,0,0
BRDA:883,144,1,4
BRDA:883,145,0,4
BRDA:883,145,1,4
BRDA:890,146,0,0
BRDA:893,147,0,0
BRDA:893,147,1,0
BRDA:930,148,0,0
BRDA:931,149,0,0
BRDA:931,149,1,0
BRDA:931,150,0,0
BRDA:931,150,1,0
BRDA:931,151,0,0
BRDA:931,151,1,0
BRDA:931,152,0,0
BRDA:931,152,1,0
BRDA:931,153,0,0
BRDA:931,153,1,0
BRDA:931,154,0,0
BRDA:931,154,1,0
BRDA:954,155,0,0
BRDA:955,156,0,0
BRDA:955,156,1,6
BRDA:955,157,0,6
BRDA:955,157,1,6
BRDA:956,158,0,6
BRDA:956,158,1,0
BRDA:987,159,0,0
BRDA:988,160,0,0
BRDA:988,160,1,2
BRDA:988,161,0,2
BRDA:988,161,1,2
BRDA:989,162,0,2
BRDA:989,162,1,0
BRDA:996,163,0,0
BRDA:999,164,0,0
BRDA:999,164,1,0
BRDA:1036,165,0,0
BRDA:1037,166,0,0
BRDA:1037,166,1,8
BRDA:1037,167,0,8
BRDA:1037,167,1,8
BRDA:1038,168,0,8
BRDA:1038,168,1,0
BRDA:1039,169,0,0
BRDA:1039,169,1,8
BRDA:1040,170,0,0
BRDA:1040,170,1,9
BRDA:1040,171,0,9
BRDA:1040,171,1,9
BRDA:1041,172,0,0
BRDA:1041,172,1,8
BRDA:1048,173,0,0
BRDA:1051,174,0,0
BRDA:1051,174,1,0
BRDA:1088,175,0,0
BRDA:1089,176,0,0
BRDA:1089,176,1,5
BRDA:1089,177,0,5
BRDA:1089,177,1,5
BRDA:1090,178,0,5
BRDA:1090,178,1,0
BRDA:1091,179,0,0
BRDA:1091,179,1,5
BRDA:1092,180,0,0
BRDA:1092,180,1,5
BRDA:1093,181,0,0
BRDA:1093,181,1,7
BRDA:1093,182,0,7
BRDA:1093,182,1,7
BRDA:1094,183,0,0
BRDA:1094,183,1,5
BRDA:1101,184,0,0
BRDA:1104,185,0,0
BRDA:1104,185,1,0
BRDA:1135,186,0,0
BRDA:1136,187,0,0
BRDA:1136,187,1,4
BRDA:1136,188,0,4
BRDA:1136,188,1,4
BRDA:1137,189,0,0
BRDA:1137,189,1,5
BRDA:1137,190,0,5
BRDA:1137,190,1,5
BRDA:1145,191,0,0
BRDA:1148,192,0,0
BRDA:1148,192,1,0
BRDA:1179,193,0,0
BRDA:1180,194,0,0
BRDA:1180,194,1,35
BRDA:1180,195,0,35
BRDA:1180,195,1,35
BRDA:1181,196,0,0
BRDA:1181,196,1,11
BRDA:1181,197,0,11
BRDA:1181,197,1,11
BRDA:1188,198,0,0
BRDA:1191,199,0,0
BRDA:1191,199,1,0
BRDA:1216,200,0,0
BRDA:1217,201,0,0
BRDA:1217,201,1,1
BRDA:1217,202,0,1
BRDA:1217,202,1,1
BRDA:1246,203,0,0
BRDA:1247,204,0,6
BRDA:1247,204,1,1
BRDA:1248,205,0,0
BRDA:1248,205,1,7
BRDA:1248,206,0,7
BRDA:1248,206,1,7
BRDA:1248,207,0,0
BRDA:1248,207,1,8
BRDA:1248,208,0,8
BRDA:1248,208,1,8
BRDA:1275,209,0,0
BRDA:1276,210,0,0
BRDA:1276,210,1,15
BRDA:1276,211,0,15
BRDA:1276,211,1,15
BRDA:1293,212,0,0
BRDA:1294,213,0,0
BRDA:1294,213,1,4
BRDA:1294,214,0,4
BRDA:1294,214,1,4
BRDA:1318,215,0,0
BRDA:1319,216,0,0
BRDA:1319,216,1,4
BRDA:1319,217,0,4
BRDA:1319,217,1,4
BRDA:1319,218,0,0
BRDA:1319,218,1,4
BRDA:1319,219,0,4
BRDA:1319,219,1,4
BRDA:1325,220,0,11
BRDA:1331,221,0,0
BRDA:1332,222,0,0
BRDA:1332,222,1,2
BRDA:1332,223,0,2
BRDA:1332,223,1,2
BRDA:1338,224,0,0
BRDA:1345,225,0,0
BRDA:1352,226,0,0
BRDA:1359,227,0,0
BRF:405
BRH:184
end_of_record
TN:
SF:src/ast/statement-generator.ts
FN:10,generateIfNode
FN:29,generateExceptNode
FN:201,(anonymous_2)
FN:49,(anonymous_3)
FN:63,(anonymous_4)
FN:81,(anonymous_5)
FN:109,(anonymous_6)
FN:129,(anonymous_7)
FN:150,(anonymous_8)
FN:164,(anonymous_9)
FN:168,(anonymous_10)
FN:173,(anonymous_11)
FN:177,(anonymous_12)
FN:182,(anonymous_13)
FN:186,(anonymous_14)
FN:191,(anonymous_15)
FN:197,(anonymous_16)
FN:207,(anonymous_17)
FN:222,(anonymous_18)
FN:226,(anonymous_19)
FNF:20
FNH:20
FNDA:102,generateIfNode
FNDA:8,generateExceptNode
FNDA:528,(anonymous_2)
FNDA:528,(anonymous_3)
FNDA:67,(anonymous_4)
FNDA:29,(anonymous_5)
FNDA:3,(anonymous_6)
FNDA:8,(anonymous_7)
FNDA:5,(anonymous_8)
FNDA:14,(anonymous_9)
FNDA:50,(anonymous_10)
FNDA:4,(anonymous_11)
FNDA:2,(anonymous_12)
FNDA:1,(anonymous_13)
FNDA:1,(anonymous_14)
FNDA:26,(anonymous_15)
FNDA:1,(anonymous_16)
FNDA:528,(anonymous_17)
FNDA:528,(anonymous_18)
FNDA:190,(anonymous_19)
DA:3,1
DA:4,1
DA:5,1
DA:6,1
DA:7,1
DA:8,1
DA:11,102
DA:12,102
DA:14,102
DA:18,102
DA:19,67
DA:22,35
DA:23,35
DA:26,0
DA:30,8
DA:31,8
DA:33,8
DA:34,8
DA:35,9
DA:36,9
DA:37,9
DA:41,8
DA:43,8
DA:46,1
DA:47,528
DA:49,528
DA:50,528
DA:51,317
DA:53,316
DA:54,0
DA:57,316
DA:60,211
DA:63,528
DA:64,67
DA:66,67
DA:67,67
DA:68,35
DA:71,67
DA:73,67
DA:74,32
DA:75,32
DA:78,67
DA:81,528
DA:82,29
DA:83,29
DA:85,29
DA:86,29
DA:88,29
DA:89,27
DA:90,27
DA:92,27
DA:93,1
DA:94,1
DA:96,26
DA:98,2
DA:99,2
DA:100,2
DA:101,2
DA:103,2
DA:106,0
DA:109,528
DA:110,3
DA:111,3
DA:112,3
DA:114,3
DA:115,1
DA:117,1
DA:120,2
DA:121,0
DA:123,0
DA:126,2
DA:129,528
DA:130,8
DA:131,8
DA:133,8
DA:134,8
DA:135,8
DA:138,8
DA:139,8
DA:140,8
DA:141,3
DA:142,3
DA:144,3
DA:147,8
DA:150,528
DA:151,5
DA:152,5
DA:153,5
DA:155,5
DA:156,0
DA:158,0
DA:161,5
DA:164,528
DA:165,14
DA:168,528
DA:169,50
DA:170,50
DA:173,528
DA:174,4
DA:177,528
DA:178,2
DA:179,2
DA:182,528
DA:183,1
DA:186,528
DA:187,1
DA:188,1
DA:191,528
DA:192,26
DA:194,26
DA:197,528
DA:198,1
DA:202,528
DA:204,528
DA:208,528
DA:209,0
DA:212,528
DA:213,528
DA:215,527
DA:216,0
DA:219,527
DA:223,528
DA:227,190
DA:229,190
DA:230,0
DA:233,190
DA:234,290
DA:236,290
DA:237,290
DA:241,190
LF:130
LH:120
BRDA:10,0,0,0
BRDA:10,1,0,67
BRDA:14,2,0,10
BRDA:14,2,1,92
BRDA:14,3,0,102
BRDA:14,3,1,102
BRDA:15,4,0,0
BRDA:15,4,1,10
BRDA:15,5,0,10
BRDA:15,5,1,10
BRDA:16,6,0,0
BRDA:16,6,1,92
BRDA:16,7,0,92
BRDA:16,7,1,92
BRDA:18,8,0,67
BRDA:18,8,1,35
BRDA:18,9,0,102
BRDA:18,9,1,67
BRDA:22,10,0,35
BRDA:22,10,1,0
BRDA:22,11,0,35
BRDA:22,11,1,35
BRDA:36,12,0,9
BRDA:36,12,1,0
BRDA:50,13,0,317
BRDA:50,13,1,211
BRDA:53,14,0,0
BRDA:53,14,1,316
BRDA:73,15,0,32
BRDA:73,15,1,35
BRDA:88,16,0,27
BRDA:88,16,1,2
BRDA:92,17,0,1
BRDA:92,17,1,26
BRDA:98,18,0,2
BRDA:98,18,1,0
BRDA:114,19,0,1
BRDA:114,19,1,2
BRDA:120,20,0,0
BRDA:120,20,1,2
BRDA:140,21,0,3
BRDA:140,21,1,5
BRDA:155,22,0,0
BRDA:155,22,1,5
BRDA:208,23,0,0
BRDA:208,23,1,528
BRDA:215,24,0,0
BRDA:215,24,1,527
BRDA:229,25,0,0
BRDA:229,25,1,190
BRDA:236,26,0,290
BRDA:236,26,1,0
BRF:52
BRH:39
end_of_record
TN:
SF:src/ast/value-generator.ts
FN:180,(anonymous_0)
FN:10,(anonymous_1)
FN:15,(anonymous_2)
FN:19,(anonymous_3)
FN:23,(anonymous_4)
FN:28,(anonymous_5)
FN:32,(anonymous_6)
FN:36,(anonymous_7)
FN:50,(anonymous_8)
FN:57,(anonymous_9)
FN:71,(anonymous_10)
FN:78,(anonymous_11)
FN:93,(anonymous_12)
FN:114,(anonymous_13)
FN:126,(anonymous_14)
FN:133,(anonymous_15)
FN:145,(anonymous_16)
FN:150,(anonymous_17)
FN:162,(anonymous_18)
FN:174,(anonymous_19)
FN:184,(anonymous_20)
FN:199,(anonymous_21)
FNF:22
FNH:21
FNDA:1996,(anonymous_0)
FNDA:5,(anonymous_1)
FNDA:45,(anonymous_2)
FNDA:1165,(anonymous_3)
FNDA:3,(anonymous_4)
FNDA:0,(anonymous_5)
FNDA:2,(anonymous_6)
FNDA:4,(anonymous_7)
FNDA:4,(anonymous_8)
FNDA:74,(anonymous_9)
FNDA:245,(anonymous_10)
FNDA:120,(anonymous_11)
FNDA:11,(anonymous_12)
FNDA:23,(anonymous_13)
FNDA:48,(anonymous_14)
FNDA:10,(anonymous_15)
FNDA:48,(anonymous_16)
FNDA:168,(anonymous_17)
FNDA:4,(anonymous_18)
FNDA:17,(anonymous_19)
FNDA:1996,(anonymous_20)
FNDA:1743,(anonymous_21)
DA:3,1
DA:4,1
DA:5,1
DA:6,1
DA:7,1
DA:9,1
DA:10,1996
DA:11,5
DA:12,5
DA:15,1996
DA:16,45
DA:19,1996
DA:20,1165
DA:23,1996
DA:24,3
DA:25,3
DA:28,1996
DA:29,0
DA:32,1996
DA:33,2
DA:36,1996
DA:37,4
DA:39,4
DA:40,4
DA:42,4
DA:43,4
DA:47,4
DA:50,1996
DA:51,4
DA:52,4
DA:54,4
DA:57,1996
DA:58,74
DA:60,74
DA:61,111
DA:63,111
DA:64,111
DA:68,74
DA:71,1996
DA:72,245
DA:73,245
DA:75,245
DA:78,1996
DA:79,120
DA:80,120
DA:82,120
DA:83,24
DA:86,96
DA:87,0
DA:90,96
DA:93,1996
DA:94,11
DA:96,11
DA:101,11
DA:103,11
DA:104,2
DA:107,9
DA:108,0
DA:111,9
DA:114,1996
DA:115,23
DA:117,23
DA:118,15
DA:119,8
DA:120,8
DA:123,0
DA:126,1996
DA:127,48
DA:128,48
DA:130,48
DA:133,1996
DA:134,10
DA:135,10
DA:137,10
DA:138,10
DA:139,8
DA:142,10
DA:145,1996
DA:146,48
DA:147,48
DA:150,1996
DA:151,168
DA:152,168
DA:153,168
DA:155,168
DA:156,168
DA:159,0
DA:162,1996
DA:163,4
DA:164,4
DA:165,4
DA:167,4
DA:168,4
DA:171,0
DA:174,1996
DA:175,17
DA:177,17
DA:181,1996
DA:185,1996
DA:186,0
DA:189,1996
DA:190,1996
DA:192,1996
DA:193,0
DA:196,1996
DA:200,1743
LF:106
LH:98
BRDA:11,0,0,0
BRDA:11,0,1,5
BRDA:42,1,0,4
BRDA:42,1,1,0
BRDA:63,2,0,111
BRDA:63,2,1,0
BRDA:82,3,0,24
BRDA:82,3,1,96
BRDA:86,4,0,0
BRDA:86,4,1,96
BRDA:103,5,0,2
BRDA:103,5,1,9
BRDA:107,6,0,0
BRDA:107,6,1,9
BRDA:117,7,0,15
BRDA:117,7,1,8
BRDA:119,8,0,8
BRDA:119,8,1,0
BRDA:138,9,0,8
BRDA:138,9,1,2
BRDA:155,10,0,168
BRDA:155,10,1,0
BRDA:167,11,0,4
BRDA:167,11,1,0
BRDA:185,12,0,0
BRDA:185,12,1,1996
BRDA:192,13,0,0
BRDA:192,13,1,1996
BRF:28
BRH:18
end_of_record
TN:
SF:src/grammar/generated/MoocodeLexer.ts
FN:242,(anonymous_0)
FN:247,(anonymous_1)
FN:249,(anonymous_2)
FN:250,(anonymous_3)
FN:251,(anonymous_4)
FN:253,(anonymous_5)
FN:255,(anonymous_6)
FN:257,(anonymous_7)
FN:260,(anonymous_8)
FN:269,(anonymous_9)
FN:280,(anonymous_10)
FN:519,(anonymous_11)
FN:528,(anonymous_12)
FNF:13
FNH:6
FNDA:330,(anonymous_0)
FNDA:0,(anonymous_1)
FNDA:0,(anonymous_2)
FNDA:0,(anonymous_3)
FNDA:0,(anonymous_4)
FNDA:0,(anonymous_5)
FNDA:0,(anonymous_6)
FNDA:0,(anonymous_7)
FNDA:29289,(anonymous_8)
FNDA:29284,(anonymous_9)
FNDA:5,(anonymous_10)
FNDA:331,(anonymous_11)
FNDA:28,(anonymous_12)
DA:3,1
DA:14,1
DA:15,1
DA:16,1
DA:17,1
DA:18,1
DA:19,1
DA:20,1
DA:21,1
DA:22,1
DA:23,1
DA:24,1
DA:25,1
DA:26,1
DA:27,1
DA:28,1
DA:29,1
DA:30,1
DA:31,1
DA:32,1
DA:33,1
DA:34,1
DA:35,1
DA:36,1
DA:37,1
DA:38,1
DA:39,1
DA:40,1
DA:41,1
DA:42,1
DA:43,1
DA:44,1
DA:45,1
DA:46,1
DA:47,1
DA:48,1
DA:49,1
DA:50,1
DA:51,1
DA:52,1
DA:53,1
DA:54,1
DA:55,1
DA:56,1
DA:57,1
DA:58,1
DA:59,1
DA:60,1
DA:61,1
DA:62,1
DA:63,1
DA:64,1
DA:65,1
DA:66,1
DA:67,1
DA:68,1
DA:69,1
DA:70,1
DA:71,1
DA:72,1
DA:73,1
DA:74,1
DA:75,1
DA:76,1
DA:77,1
DA:78,1
DA:79,1
DA:80,1
DA:81,1
DA:82,1
DA:83,1
DA:84,1
DA:85,1
DA:86,1
DA:87,1
DA:88,1
DA:89,1
DA:90,1
DA:91,1
DA:92,1
DA:93,1
DA:94,1
DA:95,1
DA:96,1
DA:97,1
DA:98,1
DA:99,1
DA:100,1
DA:101,1
DA:102,1
DA:103,1
DA:105,1
DA:106,1
DA:161,1
DA:221,1
DA:223,1
DA:243,330
DA:244,330
DA:247,0
DA:249,0
DA:250,0
DA:251,0
DA:253,0
DA:255,0
DA:257,0
DA:261,29289
DA:263,29284
DA:265,5
DA:267,0
DA:270,29284
DA:272,36
DA:274,14624
DA:276,14624
DA:278,0
DA:281,5
DA:283,5
DA:285,0
DA:288,1
DA:520,331
DA:521,1
DA:524,331
DA:528,28
LF:122
LH:112
BRDA:261,0,0,29284
BRDA:261,0,1,5
BRDA:270,1,0,36
BRDA:270,1,1,14624
BRDA:270,1,2,14624
BRDA:281,2,0,5
BRDA:520,3,0,1
BRDA:520,3,1,330
BRF:8
BRH:8
end_of_record
TN:
SF:src/grammar/generated/MoocodeParser.ts
FN:321,(anonymous_0)
FN:322,(anonymous_1)
FN:323,(anonymous_2)
FN:324,(anonymous_3)
FN:325,(anonymous_4)
FN:327,(anonymous_5)
FN:331,(anonymous_6)
FN:336,(anonymous_7)
FN:376,(anonymous_8)
FN:479,(anonymous_9)
FN:517,(anonymous_10)
FN:542,(anonymous_11)
FN:569,(anonymous_12)
FN:621,(anonymous_13)
FN:654,(anonymous_14)
FN:687,(anonymous_15)
FN:714,(anonymous_16)
FN:755,(anonymous_17)
FN:782,(anonymous_18)
FN:807,(anonymous_19)
FN:852,(anonymous_20)
FN:898,(anonymous_21)
FN:935,(anonymous_22)
FN:976,(anonymous_23)
FN:1001,(anonymous_24)
FN:1028,(anonymous_25)
FN:1069,(anonymous_26)
FN:1094,(anonymous_27)
FN:1121,(anonymous_28)
FN:1179,(anonymous_29)
FN:1257,(anonymous_30)
FN:1292,(anonymous_31)
FN:1334,(anonymous_32)
FN:1361,(anonymous_33)
FN:1407,(anonymous_34)
FN:1445,(anonymous_35)
FN:1474,(anonymous_36)
FN:1499,(anonymous_37)
FN:1524,(anonymous_38)
FN:1565,(anonymous_39)
FN:1609,(anonymous_40)
FN:1653,(anonymous_41)
FN:1697,(anonymous_42)
FN:1741,(anonymous_43)
FN:1785,(anonymous_44)
FN:1829,(anonymous_45)
FN:1881,(anonymous_46)
FN:1933,(anonymous_47)
FN:1985,(anonymous_48)
FN:2037,(anonymous_49)
FN:2089,(anonymous_50)
FN:2177,(anonymous_51)
FN:2204,(anonymous_52)
FN:2231,(anonymous_53)
FN:2258,(anonymous_54)
FN:2320,(anonymous_55)
FN:2367,(anonymous_56)
FN:2443,(anonymous_57)
FN:2485,(anonymous_58)
FN:2593,(anonymous_59)
FN:2633,(anonymous_60)
FN:2673,(anonymous_61)
FN:2702,(anonymous_62)
FN:2748,(anonymous_63)
FN:2802,(anonymous_64)
FN:2856,(anonymous_65)
FN:2885,(anonymous_66)
FN:2932,(anonymous_67)
FN:2959,(anonymous_68)
FN:2999,(anonymous_69)
FN:3037,(anonymous_70)
FN:3064,(anonymous_71)
FN:3091,(anonymous_72)
FN:3160,(anonymous_73)
FN:3193,(anonymous_74)
FN:3218,(anonymous_75)
FN:3243,(anonymous_76)
FN:3268,(anonymous_77)
FN:3293,(anonymous_78)
FN:3318,(anonymous_79)
FN:3351,(anonymous_80)
FN:3577,(anonymous_81)
FN:3586,(anonymous_82)
FN:3591,(anonymous_83)
FN:3595,(anonymous_84)
FN:3598,(anonymous_85)
FN:3601,(anonymous_86)
FN:3604,(anonymous_87)
FN:3607,(anonymous_88)
FN:3612,(anonymous_89)
FN:3618,(anonymous_90)
FN:3629,(anonymous_91)
FN:3633,(anonymous_92)
FN:3636,(anonymous_93)
FN:3639,(anonymous_94)
FN:3642,(anonymous_95)
FN:3645,(anonymous_96)
FN:3648,(anonymous_97)
FN:3651,(anonymous_98)
FN:3654,(anonymous_99)
FN:3657,(anonymous_100)
FN:3660,(anonymous_101)
FN:3663,(anonymous_102)
FN:3666,(anonymous_103)
FN:3669,(anonymous_104)
FN:3672,(anonymous_105)
FN:3677,(anonymous_106)
FN:3683,(anonymous_107)
FN:3694,(anonymous_108)
FN:3698,(anonymous_109)
FN:3701,(anonymous_110)
FN:3704,(anonymous_111)
FN:3707,(anonymous_112)
FN:3712,(anonymous_113)
FN:3718,(anonymous_114)
FN:3729,(anonymous_115)
FN:3733,(anonymous_116)
FN:3736,(anonymous_117)
FN:3739,(anonymous_118)
FN:3744,(anonymous_119)
FN:3750,(anonymous_120)
FN:3761,(anonymous_121)
FN:3765,(anonymous_122)
FN:3768,(anonymous_123)
FN:3771,(anonymous_124)
FN:3774,(anonymous_125)
FN:3779,(anonymous_126)
FN:3785,(anonymous_127)
FN:3796,(anonymous_128)
FN:3800,(anonymous_129)
FN:3803,(anonymous_130)
FN:3806,(anonymous_131)
FN:3809,(anonymous_132)
FN:3812,(anonymous_133)
FN:3815,(anonymous_134)
FN:3818,(anonymous_135)
FN:3823,(anonymous_136)
FN:3829,(anonymous_137)
FN:3842,(anonymous_138)
FN:3846,(anonymous_139)
FN:3849,(anonymous_140)
FN:3852,(anonymous_141)
FN:3855,(anonymous_142)
FN:3858,(anonymous_143)
FN:3861,(anonymous_144)
FN:3864,(anonymous_145)
FN:3869,(anonymous_146)
FN:3875,(anonymous_147)
FN:3888,(anonymous_148)
FN:3892,(anonymous_149)
FN:3895,(anonymous_150)
FN:3898,(anonymous_151)
FN:3901,(anonymous_152)
FN:3904,(anonymous_153)
FN:3907,(anonymous_154)
FN:3910,(anonymous_155)
FN:3915,(anonymous_156)
FN:3921,(anonymous_157)
FN:3933,(anonymous_158)
FN:3937,(anonymous_159)
FN:3940,(anonymous_160)
FN:3943,(anonymous_161)
FN:3946,(anonymous_162)
FN:3951,(anonymous_163)
FN:3957,(anonymous_164)
FN:3968,(anonymous_165)
FN:3972,(anonymous_166)
FN:3975,(anonymous_167)
FN:3978,(anonymous_168)
FN:3981,(anonymous_169)
FN:3984,(anonymous_170)
FN:3989,(anonymous_171)
FN:3995,(anonymous_172)
FN:4006,(anonymous_173)
FN:4010,(anonymous_174)
FN:4013,(anonymous_175)
FN:4016,(anonymous_176)
FN:4019,(anonymous_177)
FN:4024,(anonymous_178)
FN:4030,(anonymous_179)
FN:4041,(anonymous_180)
FN:4045,(anonymous_181)
FN:4048,(anonymous_182)
FN:4051,(anonymous_183)
FN:4056,(anonymous_184)
FN:4062,(anonymous_185)
FN:4074,(anonymous_186)
FN:4078,(anonymous_187)
FN:4081,(anonymous_188)
FN:4084,(anonymous_189)
FN:4087,(anonymous_190)
FN:4090,(anonymous_191)
FN:4093,(anonymous_192)
FN:4096,(anonymous_193)
FN:4101,(anonymous_194)
FN:4107,(anonymous_195)
FN:4121,(anonymous_196)
FN:4125,(anonymous_197)
FN:4128,(anonymous_198)
FN:4131,(anonymous_199)
FN:4134,(anonymous_200)
FN:4137,(anonymous_201)
FN:4140,(anonymous_202)
FN:4143,(anonymous_203)
FN:4146,(anonymous_204)
FN:4149,(anonymous_205)
FN:4154,(anonymous_206)
FN:4160,(anonymous_207)
FN:4174,(anonymous_208)
FN:4178,(anonymous_209)
FN:4181,(anonymous_210)
FN:4184,(anonymous_211)
FN:4187,(anonymous_212)
FN:4190,(anonymous_213)
FN:4193,(anonymous_214)
FN:4196,(anonymous_215)
FN:4199,(anonymous_216)
FN:4202,(anonymous_217)
FN:4207,(anonymous_218)
FN:4213,(anonymous_219)
FN:4224,(anonymous_220)
FN:4228,(anonymous_221)
FN:4231,(anonymous_222)
FN:4234,(anonymous_223)
FN:4237,(anonymous_224)
FN:4240,(anonymous_225)
FN:4245,(anonymous_226)
FN:4251,(anonymous_227)
FN:4262,(anonymous_228)
FN:4266,(anonymous_229)
FN:4269,(anonymous_230)
FN:4272,(anonymous_231)
FN:4277,(anonymous_232)
FN:4283,(anonymous_233)
FN:4294,(anonymous_234)
FN:4298,(anonymous_235)
FN:4301,(anonymous_236)
FN:4304,(anonymous_237)
FN:4307,(anonymous_238)
FN:4312,(anonymous_239)
FN:4318,(anonymous_240)
FN:4329,(anonymous_241)
FN:4333,(anonymous_242)
FN:4336,(anonymous_243)
FN:4339,(anonymous_244)
FN:4342,(anonymous_245)
FN:4345,(anonymous_246)
FN:4350,(anonymous_247)
FN:4356,(anonymous_248)
FN:4367,(anonymous_249)
FN:4371,(anonymous_250)
FN:4374,(anonymous_251)
FN:4377,(anonymous_252)
FN:4382,(anonymous_253)
FN:4388,(anonymous_254)
FN:4399,(anonymous_255)
FN:4403,(anonymous_256)
FN:4406,(anonymous_257)
FN:4409,(anonymous_258)
FN:4412,(anonymous_259)
FN:4417,(anonymous_260)
FN:4423,(anonymous_261)
FN:4437,(anonymous_262)
FN:4441,(anonymous_263)
FN:4444,(anonymous_264)
FN:4447,(anonymous_265)
FN:4450,(anonymous_266)
FN:4453,(anonymous_267)
FN:4456,(anonymous_268)
FN:4459,(anonymous_269)
FN:4462,(anonymous_270)
FN:4465,(anonymous_271)
FN:4468,(anonymous_272)
FN:4471,(anonymous_273)
FN:4476,(anonymous_274)
FN:4482,(anonymous_275)
FN:4493,(anonymous_276)
FN:4497,(anonymous_277)
FN:4500,(anonymous_278)
FN:4503,(anonymous_279)
FN:4506,(anonymous_280)
FN:4509,(anonymous_281)
FN:4512,(anonymous_282)
FN:4515,(anonymous_283)
FN:4518,(anonymous_284)
FN:4523,(anonymous_285)
FN:4529,(anonymous_286)
FN:4540,(anonymous_287)
FN:4544,(anonymous_288)
FN:4547,(anonymous_289)
FN:4550,(anonymous_290)
FN:4553,(anonymous_291)
FN:4556,(anonymous_292)
FN:4559,(anonymous_293)
FN:4562,(anonymous_294)
FN:4565,(anonymous_295)
FN:4570,(anonymous_296)
FN:4576,(anonymous_297)
FN:4587,(anonymous_298)
FN:4591,(anonymous_299)
FN:4594,(anonymous_300)
FN:4597,(anonymous_301)
FN:4600,(anonymous_302)
FN:4603,(anonymous_303)
FN:4606,(anonymous_304)
FN:4611,(anonymous_305)
FN:4617,(anonymous_306)
FN:4628,(anonymous_307)
FN:4632,(anonymous_308)
FN:4635,(anonymous_309)
FN:4638,(anonymous_310)
FN:4641,(anonymous_311)
FN:4646,(anonymous_312)
FN:4652,(anonymous_313)
FN:4665,(anonymous_314)
FN:4669,(anonymous_315)
FN:4672,(anonymous_316)
FN:4675,(anonymous_317)
FN:4678,(anonymous_318)
FN:4681,(anonymous_319)
FN:4684,(anonymous_320)
FN:4687,(anonymous_321)
FN:4690,(anonymous_322)
FN:4693,(anonymous_323)
FN:4698,(anonymous_324)
FN:4704,(anonymous_325)
FN:4715,(anonymous_326)
FN:4719,(anonymous_327)
FN:4722,(anonymous_328)
FN:4725,(anonymous_329)
FN:4728,(anonymous_330)
FN:4733,(anonymous_331)
FN:4739,(anonymous_332)
FN:4750,(anonymous_333)
FN:4754,(anonymous_334)
FN:4757,(anonymous_335)
FN:4760,(anonymous_336)
FN:4763,(anonymous_337)
FN:4766,(anonymous_338)
FN:4771,(anonymous_339)
FN:4777,(anonymous_340)
FN:4788,(anonymous_341)
FN:4792,(anonymous_342)
FN:4795,(anonymous_343)
FN:4798,(anonymous_344)
FN:4803,(anonymous_345)
FN:4809,(anonymous_346)
FN:4820,(anonymous_347)
FN:4824,(anonymous_348)
FN:4827,(anonymous_349)
FN:4830,(anonymous_350)
FN:4835,(anonymous_351)
FN:4841,(anonymous_352)
FN:4855,(anonymous_353)
FN:4859,(anonymous_354)
FN:4862,(anonymous_355)
FN:4865,(anonymous_356)
FN:4868,(anonymous_357)
FN:4871,(anonymous_358)
FN:4874,(anonymous_359)
FN:4877,(anonymous_360)
FN:4882,(anonymous_361)
FN:4888,(anonymous_362)
FN:4899,(anonymous_363)
FN:4903,(anonymous_364)
FN:4906,(anonymous_365)
FN:4909,(anonymous_366)
FN:4912,(anonymous_367)
FN:4915,(anonymous_368)
FN:4918,(anonymous_369)
FN:4923,(anonymous_370)
FN:4929,(anonymous_371)
FN:4940,(anonymous_372)
FN:4944,(anonymous_373)
FN:4947,(anonymous_374)
FN:4950,(anonymous_375)
FN:4953,(anonymous_376)
FN:4956,(anonymous_377)
FN:4959,(anonymous_378)
FN:4964,(anonymous_379)
FN:4970,(anonymous_380)
FN:4981,(anonymous_381)
FN:4985,(anonymous_382)
FN:4988,(anonymous_383)
FN:4991,(anonymous_384)
FN:4994,(anonymous_385)
FN:4997,(anonymous_386)
FN:5000,(anonymous_387)
FN:5005,(anonymous_388)
FN:5011,(anonymous_389)
FN:5022,(anonymous_390)
FN:5026,(anonymous_391)
FN:5029,(anonymous_392)
FN:5032,(anonymous_393)
FN:5035,(anonymous_394)
FN:5038,(anonymous_395)
FN:5041,(anonymous_396)
FN:5046,(anonymous_397)
FN:5052,(anonymous_398)
FN:5063,(anonymous_399)
FN:5067,(anonymous_400)
FN:5070,(anonymous_401)
FN:5073,(anonymous_402)
FN:5076,(anonymous_403)
FN:5079,(anonymous_404)
FN:5082,(anonymous_405)
FN:5087,(anonymous_406)
FN:5093,(anonymous_407)
FN:5104,(anonymous_408)
FN:5108,(anonymous_409)
FN:5111,(anonymous_410)
FN:5114,(anonymous_411)
FN:5117,(anonymous_412)
FN:5120,(anonymous_413)
FN:5123,(anonymous_414)
FN:5128,(anonymous_415)
FN:5134,(anonymous_416)
FN:5145,(anonymous_417)
FN:5149,(anonymous_418)
FN:5152,(anonymous_419)
FN:5155,(anonymous_420)
FN:5158,(anonymous_421)
FN:5161,(anonymous_422)
FN:5164,(anonymous_423)
FN:5167,(anonymous_424)
FN:5170,(anonymous_425)
FN:5175,(anonymous_426)
FN:5181,(anonymous_427)
FN:5192,(anonymous_428)
FN:5196,(anonymous_429)
FN:5199,(anonymous_430)
FN:5202,(anonymous_431)
FN:5205,(anonymous_432)
FN:5208,(anonymous_433)
FN:5211,(anonymous_434)
FN:5214,(anonymous_435)
FN:5217,(anonymous_436)
FN:5220,(anonymous_437)
FN:5223,(anonymous_438)
FN:5226,(anonymous_439)
FN:5229,(anonymous_440)
FN:5234,(anonymous_441)
FN:5240,(anonymous_442)
FN:5251,(anonymous_443)
FN:5255,(anonymous_444)
FN:5258,(anonymous_445)
FN:5261,(anonymous_446)
FN:5264,(anonymous_447)
FN:5267,(anonymous_448)
FN:5270,(anonymous_449)
FN:5273,(anonymous_450)
FN:5276,(anonymous_451)
FN:5281,(anonymous_452)
FN:5287,(anonymous_453)
FN:5298,(anonymous_454)
FN:5302,(anonymous_455)
FN:5305,(anonymous_456)
FN:5308,(anonymous_457)
FN:5311,(anonymous_458)
FN:5314,(anonymous_459)
FN:5317,(anonymous_460)
FN:5320,(anonymous_461)
FN:5323,(anonymous_462)
FN:5328,(anonymous_463)
FN:5334,(anonymous_464)
FN:5345,(anonymous_465)
FN:5349,(anonymous_466)
FN:5352,(anonymous_467)
FN:5355,(anonymous_468)
FN:5358,(anonymous_469)
FN:5361,(anonymous_470)
FN:5364,(anonymous_471)
FN:5367,(anonymous_472)
FN:5370,(anonymous_473)
FN:5373,(anonymous_474)
FN:5376,(anonymous_475)
FN:5381,(anonymous_476)
FN:5387,(anonymous_477)
FN:5398,(anonymous_478)
FN:5402,(anonymous_479)
FN:5405,(anonymous_480)
FN:5408,(anonymous_481)
FN:5411,(anonymous_482)
FN:5414,(anonymous_483)
FN:5417,(anonymous_484)
FN:5422,(anonymous_485)
FN:5428,(anonymous_486)
FN:5439,(anonymous_487)
FN:5443,(anonymous_488)
FN:5446,(anonymous_489)
FN:5449,(anonymous_490)
FN:5452,(anonymous_491)
FN:5457,(anonymous_492)
FN:5463,(anonymous_493)
FN:5474,(anonymous_494)
FN:5478,(anonymous_495)
FN:5481,(anonymous_496)
FN:5484,(anonymous_497)
FN:5487,(anonymous_498)
FN:5492,(anonymous_499)
FN:5498,(anonymous_500)
FN:5509,(anonymous_501)
FN:5513,(anonymous_502)
FN:5516,(anonymous_503)
FN:5519,(anonymous_504)
FN:5522,(anonymous_505)
FN:5527,(anonymous_506)
FN:5533,(anonymous_507)
FN:5545,(anonymous_508)
FN:5549,(anonymous_509)
FN:5552,(anonymous_510)
FN:5555,(anonymous_511)
FN:5558,(anonymous_512)
FN:5561,(anonymous_513)
FN:5564,(anonymous_514)
FN:5567,(anonymous_515)
FN:5570,(anonymous_516)
FN:5573,(anonymous_517)
FN:5578,(anonymous_518)
FN:5584,(anonymous_519)
FN:5596,(anonymous_520)
FN:5600,(anonymous_521)
FN:5603,(anonymous_522)
FN:5606,(anonymous_523)
FN:5609,(anonymous_524)
FN:5612,(anonymous_525)
FN:5615,(anonymous_526)
FN:5618,(anonymous_527)
FN:5623,(anonymous_528)
FN:5629,(anonymous_529)
FN:5642,(anonymous_530)
FN:5646,(anonymous_531)
FN:5649,(anonymous_532)
FN:5652,(anonymous_533)
FN:5655,(anonymous_534)
FN:5658,(anonymous_535)
FN:5661,(anonymous_536)
FN:5664,(anonymous_537)
FN:5667,(anonymous_538)
FN:5670,(anonymous_539)
FN:5673,(anonymous_540)
FN:5678,(anonymous_541)
FN:5684,(anonymous_542)
FN:5695,(anonymous_543)
FN:5699,(anonymous_544)
FN:5702,(anonymous_545)
FN:5705,(anonymous_546)
FN:5708,(anonymous_547)
FN:5711,(anonymous_548)
FN:5714,(anonymous_549)
FN:5719,(anonymous_550)
FN:5725,(anonymous_551)
FN:5736,(anonymous_552)
FN:5740,(anonymous_553)
FN:5743,(anonymous_554)
FN:5746,(anonymous_555)
FN:5749,(anonymous_556)
FN:5752,(anonymous_557)
FN:5755,(anonymous_558)
FN:5758,(anonymous_559)
FN:5761,(anonymous_560)
FN:5764,(anonymous_561)
FN:5767,(anonymous_562)
FN:5770,(anonymous_563)
FN:5773,(anonymous_564)
FN:5776,(anonymous_565)
FN:5779,(anonymous_566)
FN:5784,(anonymous_567)
FN:5790,(anonymous_568)
FN:5802,(anonymous_569)
FN:5806,(anonymous_570)
FN:5809,(anonymous_571)
FN:5812,(anonymous_572)
FN:5815,(anonymous_573)
FN:5818,(anonymous_574)
FN:5821,(anonymous_575)
FN:5826,(anonymous_576)
FN:5832,(anonymous_577)
FN:5844,(anonymous_578)
FN:5848,(anonymous_579)
FN:5851,(anonymous_580)
FN:5854,(anonymous_581)
FN:5857,(anonymous_582)
FN:5860,(anonymous_583)
FN:5863,(anonymous_584)
FN:5868,(anonymous_585)
FN:5874,(anonymous_586)
FN:5885,(anonymous_587)
FN:5889,(anonymous_588)
FN:5892,(anonymous_589)
FN:5895,(anonymous_590)
FN:5898,(anonymous_591)
FN:5901,(anonymous_592)
FN:5906,(anonymous_593)
FN:5912,(anonymous_594)
FN:5925,(anonymous_595)
FN:5929,(anonymous_596)
FN:5932,(anonymous_597)
FN:5935,(anonymous_598)
FN:5938,(anonymous_599)
FN:5941,(anonymous_600)
FN:5944,(anonymous_601)
FN:5947,(anonymous_602)
FN:5950,(anonymous_603)
FN:5953,(anonymous_604)
FN:5958,(anonymous_605)
FN:5964,(anonymous_606)
FN:5975,(anonymous_607)
FN:5979,(anonymous_608)
FN:5982,(anonymous_609)
FN:5985,(anonymous_610)
FN:5988,(anonymous_611)
FN:5991,(anonymous_612)
FN:5994,(anonymous_613)
FN:5997,(anonymous_614)
FN:6000,(anonymous_615)
FN:6005,(anonymous_616)
FN:6011,(anonymous_617)
FN:6022,(anonymous_618)
FN:6026,(anonymous_619)
FN:6029,(anonymous_620)
FN:6032,(anonymous_621)
FN:6035,(anonymous_622)
FN:6038,(anonymous_623)
FN:6041,(anonymous_624)
FN:6044,(anonymous_625)
FN:6047,(anonymous_626)
FN:6052,(anonymous_627)
FN:6058,(anonymous_628)
FN:6071,(anonymous_629)
FN:6075,(anonymous_630)
FN:6078,(anonymous_631)
FN:6081,(anonymous_632)
FN:6084,(anonymous_633)
FN:6087,(anonymous_634)
FN:6092,(anonymous_635)
FN:6098,(anonymous_636)
FN:6112,(anonymous_637)
FN:6116,(anonymous_638)
FN:6119,(anonymous_639)
FN:6122,(anonymous_640)
FN:6125,(anonymous_641)
FN:6128,(anonymous_642)
FN:6131,(anonymous_643)
FN:6134,(anonymous_644)
FN:6139,(anonymous_645)
FN:6145,(anonymous_646)
FN:6156,(anonymous_647)
FN:6160,(anonymous_648)
FN:6163,(anonymous_649)
FN:6166,(anonymous_650)
FN:6169,(anonymous_651)
FN:6174,(anonymous_652)
FN:6180,(anonymous_653)
FN:6191,(anonymous_654)
FN:6195,(anonymous_655)
FN:6198,(anonymous_656)
FN:6201,(anonymous_657)
FN:6204,(anonymous_658)
FN:6209,(anonymous_659)
FN:6215,(anonymous_660)
FN:6226,(anonymous_661)
FN:6230,(anonymous_662)
FN:6233,(anonymous_663)
FN:6236,(anonymous_664)
FN:6239,(anonymous_665)
FN:6242,(anonymous_666)
FN:6247,(anonymous_667)
FN:6253,(anonymous_668)
FN:6264,(anonymous_669)
FN:6268,(anonymous_670)
FN:6271,(anonymous_671)
FN:6274,(anonymous_672)
FN:6277,(anonymous_673)
FN:6282,(anonymous_674)
FN:6288,(anonymous_675)
FN:6299,(anonymous_676)
FN:6303,(anonymous_677)
FN:6306,(anonymous_678)
FN:6309,(anonymous_679)
FN:6312,(anonymous_680)
FN:6317,(anonymous_681)
FN:6323,(anonymous_682)
FN:6334,(anonymous_683)
FN:6338,(anonymous_684)
FN:6341,(anonymous_685)
FN:6344,(anonymous_686)
FN:6347,(anonymous_687)
FN:6350,(anonymous_688)
FN:6353,(anonymous_689)
FN:6356,(anonymous_690)
FN:6359,(anonymous_691)
FN:6364,(anonymous_692)
FN:6370,(anonymous_693)
FN:6381,(anonymous_694)
FN:6385,(anonymous_695)
FN:6388,(anonymous_696)
FN:6391,(anonymous_697)
FN:6394,(anonymous_698)
FN:6399,(anonymous_699)
FN:6405,(anonymous_700)
FN:6416,(anonymous_701)
FN:6420,(anonymous_702)
FN:6423,(anonymous_703)
FN:6426,(anonymous_704)
FN:6431,(anonymous_705)
FN:6437,(anonymous_706)
FN:6448,(anonymous_707)
FN:6452,(anonymous_708)
FN:6455,(anonymous_709)
FN:6458,(anonymous_710)
FN:6463,(anonymous_711)
FN:6469,(anonymous_712)
FN:6480,(anonymous_713)
FN:6484,(anonymous_714)
FN:6487,(anonymous_715)
FN:6490,(anonymous_716)
FN:6495,(anonymous_717)
FN:6501,(anonymous_718)
FN:6512,(anonymous_719)
FN:6516,(anonymous_720)
FN:6519,(anonymous_721)
FN:6522,(anonymous_722)
FN:6527,(anonymous_723)
FN:6533,(anonymous_724)
FN:6544,(anonymous_725)
FN:6548,(anonymous_726)
FN:6551,(anonymous_727)
FN:6554,(anonymous_728)
FN:6559,(anonymous_729)
FN:6565,(anonymous_730)
FN:6576,(anonymous_731)
FN:6580,(anonymous_732)
FN:6583,(anonymous_733)
FN:6586,(anonymous_734)
FN:6589,(anonymous_735)
FN:6592,(anonymous_736)
FN:6595,(anonymous_737)
FN:6598,(anonymous_738)
FN:6601,(anonymous_739)
FN:6604,(anonymous_740)
FN:6607,(anonymous_741)
FN:6610,(anonymous_742)
FN:6613,(anonymous_743)
FN:6616,(anonymous_744)
FN:6619,(anonymous_745)
FN:6622,(anonymous_746)
FN:6625,(anonymous_747)
FN:6628,(anonymous_748)
FN:6631,(anonymous_749)
FN:6634,(anonymous_750)
FN:6637,(anonymous_751)
FN:6640,(anonymous_752)
FN:6643,(anonymous_753)
FN:6648,(anonymous_754)
FN:6654,(anonymous_755)
FN:6665,(anonymous_756)
FN:6669,(anonymous_757)
FN:6672,(anonymous_758)
FN:6675,(anonymous_759)
FN:6680,(anonymous_760)
FN:6686,(anonymous_761)
FNF:762
FNH:306
FNDA:0,(anonymous_0)
FNDA:12,(anonymous_1)
FNDA:6,(anonymous_2)
FNDA:0,(anonymous_3)
FNDA:0,(anonymous_4)
FNDA:0,(anonymous_5)
FNDA:330,(anonymous_6)
FNDA:166,(anonymous_7)
FNDA:942,(anonymous_8)
FNDA:373,(anonymous_9)
FNDA:2,(anonymous_10)
FNDA:49,(anonymous_11)
FNDA:132,(anonymous_12)
FNDA:132,(anonymous_13)
FNDA:68,(anonymous_14)
FNDA:64,(anonymous_15)
FNDA:142,(anonymous_16)
FNDA:115,(anonymous_17)
FNDA:27,(anonymous_18)
FNDA:58,(anonymous_19)
FNDA:54,(anonymous_20)
FNDA:4,(anonymous_21)
FNDA:12,(anonymous_22)
FNDA:8,(anonymous_23)
FNDA:4,(anonymous_24)
FNDA:4,(anonymous_25)
FNDA:2,(anonymous_26)
FNDA:2,(anonymous_27)
FNDA:6,(anonymous_28)
FNDA:16,(anonymous_29)
FNDA:16,(anonymous_30)
FNDA:34,(anonymous_31)
FNDA:6,(anonymous_32)
FNDA:7,(anonymous_33)
FNDA:3092,(anonymous_34)
FNDA:400,(anonymous_35)
FNDA:400,(anonymous_36)
FNDA:2692,(anonymous_37)
FNDA:2692,(anonymous_38)
FNDA:2692,(anonymous_39)
FNDA:2702,(anonymous_40)
FNDA:2728,(anonymous_41)
FNDA:2750,(anonymous_42)
FNDA:2753,(anonymous_43)
FNDA:2756,(anonymous_44)
FNDA:2759,(anonymous_45)
FNDA:2863,(anonymous_46)
FNDA:2901,(anonymous_47)
FNDA:2909,(anonymous_48)
FNDA:2975,(anonymous_49)
FNDA:3416,(anonymous_50)
FNDA:0,(anonymous_51)
FNDA:26,(anonymous_52)
FNDA:0,(anonymous_53)
FNDA:3400,(anonymous_54)
FNDA:308,(anonymous_55)
FNDA:336,(anonymous_56)
FNDA:572,(anonymous_57)
FNDA:3400,(anonymous_58)
FNDA:7,(anonymous_59)
FNDA:325,(anonymous_60)
FNDA:34,(anonymous_61)
FNDA:18,(anonymous_62)
FNDA:155,(anonymous_63)
FNDA:17,(anonymous_64)
FNDA:18,(anonymous_65)
FNDA:108,(anonymous_66)
FNDA:96,(anonymous_67)
FNDA:98,(anonymous_68)
FNDA:14,(anonymous_69)
FNDA:91,(anonymous_70)
FNDA:4,(anonymous_71)
FNDA:845,(anonymous_72)
FNDA:50,(anonymous_73)
FNDA:502,(anonymous_74)
FNDA:316,(anonymous_75)
FNDA:30,(anonymous_76)
FNDA:3,(anonymous_77)
FNDA:7,(anonymous_78)
FNDA:95,(anonymous_79)
FNDA:2863,(anonymous_80)
FNDA:331,(anonymous_81)
FNDA:50,(anonymous_82)
FNDA:166,(anonymous_83)
FNDA:0,(anonymous_84)
FNDA:161,(anonymous_85)
FNDA:0,(anonymous_86)
FNDA:0,(anonymous_87)
FNDA:0,(anonymous_88)
FNDA:0,(anonymous_89)
FNDA:0,(anonymous_90)
FNDA:942,(anonymous_91)
FNDA:1,(anonymous_92)
FNDA:0,(anonymous_93)
FNDA:845,(anonymous_94)
FNDA:0,(anonymous_95)
FNDA:0,(anonymous_96)
FNDA:0,(anonymous_97)
FNDA:0,(anonymous_98)
FNDA:0,(anonymous_99)
FNDA:0,(anonymous_100)
FNDA:0,(anonymous_101)
FNDA:0,(anonymous_102)
FNDA:0,(anonymous_103)
FNDA:0,(anonymous_104)
FNDA:0,(anonymous_105)
FNDA:0,(anonymous_106)
FNDA:528,(anonymous_107)
FNDA:373,(anonymous_108)
FNDA:230,(anonymous_109)
FNDA:51,(anonymous_110)
FNDA:0,(anonymous_111)
FNDA:0,(anonymous_112)
FNDA:0,(anonymous_113)
FNDA:0,(anonymous_114)
FNDA:2,(anonymous_115)
FNDA:0,(anonymous_116)
FNDA:0,(anonymous_117)
FNDA:0,(anonymous_118)
FNDA:0,(anonymous_119)
FNDA:1,(anonymous_120)
FNDA:49,(anonymous_121)
FNDA:26,(anonymous_122)
FNDA:0,(anonymous_123)
FNDA:0,(anonymous_124)
FNDA:0,(anonymous_125)
FNDA:0,(anonymous_126)
FNDA:26,(anonymous_127)
FNDA:132,(anonymous_128)
FNDA:98,(anonymous_129)
FNDA:0,(anonymous_130)
FNDA:75,(anonymous_131)
FNDA:4,(anonymous_132)
FNDA:145,(anonymous_133)
FNDA:0,(anonymous_134)
FNDA:0,(anonymous_135)
FNDA:0,(anonymous_136)
FNDA:67,(anonymous_137)
FNDA:132,(anonymous_138)
FNDA:0,(anonymous_139)
FNDA:0,(anonymous_140)
FNDA:0,(anonymous_141)
FNDA:0,(anonymous_142)
FNDA:0,(anonymous_143)
FNDA:0,(anonymous_144)
FNDA:0,(anonymous_145)
FNDA:0,(anonymous_146)
FNDA:0,(anonymous_147)
FNDA:68,(anonymous_148)
FNDA:0,(anonymous_149)
FNDA:0,(anonymous_150)
FNDA:0,(anonymous_151)
FNDA:0,(anonymous_152)
FNDA:0,(anonymous_153)
FNDA:0,(anonymous_154)
FNDA:0,(anonymous_155)
FNDA:0,(anonymous_156)
FNDA:0,(anonymous_157)
FNDA:64,(anonymous_158)
FNDA:0,(anonymous_159)
FNDA:0,(anonymous_160)
FNDA:0,(anonymous_161)
FNDA:0,(anonymous_162)
FNDA:0,(anonymous_163)
FNDA:0,(anonymous_164)
FNDA:142,(anonymous_165)
FNDA:0,(anonymous_166)
FNDA:0,(anonymous_167)
FNDA:0,(anonymous_168)
FNDA:0,(anonymous_169)
FNDA:0,(anonymous_170)
FNDA:0,(anonymous_171)
FNDA:64,(anonymous_172)
FNDA:115,(anonymous_173)
FNDA:0,(anonymous_174)
FNDA:51,(anonymous_175)
FNDA:0,(anonymous_176)
FNDA:0,(anonymous_177)
FNDA:0,(anonymous_178)
FNDA:50,(anonymous_179)
FNDA:27,(anonymous_180)
FNDA:0,(anonymous_181)
FNDA:0,(anonymous_182)
FNDA:0,(anonymous_183)
FNDA:0,(anonymous_184)
FNDA:14,(anonymous_185)
FNDA:58,(anonymous_186)
FNDA:0,(anonymous_187)
FNDA:0,(anonymous_188)
FNDA:39,(anonymous_189)
FNDA:29,(anonymous_190)
FNDA:29,(anonymous_191)
FNDA:0,(anonymous_192)
FNDA:0,(anonymous_193)
FNDA:0,(anonymous_194)
FNDA:29,(anonymous_195)
FNDA:54,(anonymous_196)
FNDA:0,(anonymous_197)
FNDA:0,(anonymous_198)
FNDA:0,(anonymous_199)
FNDA:0,(anonymous_200)
FNDA:0,(anonymous_201)
FNDA:0,(anonymous_202)
FNDA:0,(anonymous_203)
FNDA:0,(anonymous_204)
FNDA:0,(anonymous_205)
FNDA:0,(anonymous_206)
FNDA:0,(anonymous_207)
FNDA:4,(anonymous_208)
FNDA:0,(anonymous_209)
FNDA:0,(anonymous_210)
FNDA:0,(anonymous_211)
FNDA:0,(anonymous_212)
FNDA:0,(anonymous_213)
FNDA:0,(anonymous_214)
FNDA:0,(anonymous_215)
FNDA:0,(anonymous_216)
FNDA:0,(anonymous_217)
FNDA:0,(anonymous_218)
FNDA:0,(anonymous_219)
FNDA:12,(anonymous_220)
FNDA:0,(anonymous_221)
FNDA:0,(anonymous_222)
FNDA:0,(anonymous_223)
FNDA:0,(anonymous_224)
FNDA:0,(anonymous_225)
FNDA:0,(anonymous_226)
FNDA:6,(anonymous_227)
FNDA:8,(anonymous_228)
FNDA:0,(anonymous_229)
FNDA:0,(anonymous_230)
FNDA:0,(anonymous_231)
FNDA:0,(anonymous_232)
FNDA:4,(anonymous_233)
FNDA:4,(anonymous_234)
FNDA:0,(anonymous_235)
FNDA:2,(anonymous_236)
FNDA:0,(anonymous_237)
FNDA:0,(anonymous_238)
FNDA:0,(anonymous_239)
FNDA:2,(anonymous_240)
FNDA:4,(anonymous_241)
FNDA:0,(anonymous_242)
FNDA:0,(anonymous_243)
FNDA:0,(anonymous_244)
FNDA:0,(anonymous_245)
FNDA:0,(anonymous_246)
FNDA:0,(anonymous_247)
FNDA:2,(anonymous_248)
FNDA:2,(anonymous_249)
FNDA:0,(anonymous_250)
FNDA:0,(anonymous_251)
FNDA:0,(anonymous_252)
FNDA:0,(anonymous_253)
FNDA:1,(anonymous_254)
FNDA:2,(anonymous_255)
FNDA:0,(anonymous_256)
FNDA:1,(anonymous_257)
FNDA:0,(anonymous_258)
FNDA:0,(anonymous_259)
FNDA:0,(anonymous_260)
FNDA:1,(anonymous_261)
FNDA:6,(anonymous_262)
FNDA:0,(anonymous_263)
FNDA:0,(anonymous_264)
FNDA:0,(anonymous_265)
FNDA:7,(anonymous_266)
FNDA:0,(anonymous_267)
FNDA:3,(anonymous_268)
FNDA:0,(anonymous_269)
FNDA:0,(anonymous_270)
FNDA:0,(anonymous_271)
FNDA:0,(anonymous_272)
FNDA:0,(anonymous_273)
FNDA:0,(anonymous_274)
FNDA:3,(anonymous_275)
FNDA:16,(anonymous_276)
FNDA:0,(anonymous_277)
FNDA:21,(anonymous_278)
FNDA:0,(anonymous_279)
FNDA:15,(anonymous_280)
FNDA:15,(anonymous_281)
FNDA:7,(anonymous_282)
FNDA:0,(anonymous_283)
FNDA:0,(anonymous_284)
FNDA:0,(anonymous_285)
FNDA:8,(anonymous_286)
FNDA:16,(anonymous_287)
FNDA:0,(anonymous_288)
FNDA:15,(anonymous_289)
FNDA:0,(anonymous_290)
FNDA:23,(anonymous_291)
FNDA:0,(anonymous_292)
FNDA:20,(anonymous_293)
FNDA:0,(anonymous_294)
FNDA:0,(anonymous_295)
FNDA:0,(anonymous_296)
FNDA:0,(anonymous_297)
FNDA:34,(anonymous_298)
FNDA:30,(anonymous_299)
FNDA:15,(anonymous_300)
FNDA:0,(anonymous_301)
FNDA:0,(anonymous_302)
FNDA:0,(anonymous_303)
FNDA:0,(anonymous_304)
FNDA:0,(anonymous_305)
FNDA:0,(anonymous_306)
FNDA:6,(anonymous_307)
FNDA:0,(anonymous_308)
FNDA:8,(anonymous_309)
FNDA:0,(anonymous_310)
FNDA:0,(anonymous_311)
FNDA:0,(anonymous_312)
FNDA:0,(anonymous_313)
FNDA:7,(anonymous_314)
FNDA:0,(anonymous_315)
FNDA:0,(anonymous_316)
FNDA:0,(anonymous_317)
FNDA:7,(anonymous_318)
FNDA:0,(anonymous_319)
FNDA:5,(anonymous_320)
FNDA:0,(anonymous_321)
FNDA:0,(anonymous_322)
FNDA:0,(anonymous_323)
FNDA:0,(anonymous_324)
FNDA:5,(anonymous_325)
FNDA:3092,(anonymous_326)
FNDA:0,(anonymous_327)
FNDA:0,(anonymous_328)
FNDA:0,(anonymous_329)
FNDA:0,(anonymous_330)
FNDA:0,(anonymous_331)
FNDA:1600,(anonymous_332)
FNDA:400,(anonymous_333)
FNDA:251,(anonymous_334)
FNDA:0,(anonymous_335)
FNDA:251,(anonymous_336)
FNDA:0,(anonymous_337)
FNDA:0,(anonymous_338)
FNDA:0,(anonymous_339)
FNDA:251,(anonymous_340)
FNDA:400,(anonymous_341)
FNDA:0,(anonymous_342)
FNDA:0,(anonymous_343)
FNDA:0,(anonymous_344)
FNDA:0,(anonymous_345)
FNDA:0,(anonymous_346)
FNDA:2692,(anonymous_347)
FNDA:0,(anonymous_348)
FNDA:0,(anonymous_349)
FNDA:0,(anonymous_350)
FNDA:0,(anonymous_351)
FNDA:1349,(anonymous_352)
FNDA:2692,(anonymous_353)
FNDA:1340,(anonymous_354)
FNDA:0,(anonymous_355)
FNDA:0,(anonymous_356)
FNDA:0,(anonymous_357)
FNDA:0,(anonymous_358)
FNDA:0,(anonymous_359)
FNDA:0,(anonymous_360)
FNDA:0,(anonymous_361)
FNDA:1349,(anonymous_362)
FNDA:2692,(anonymous_363)
FNDA:2,(anonymous_364)
FNDA:4,(anonymous_365)
FNDA:0,(anonymous_366)
FNDA:0,(anonymous_367)
FNDA:0,(anonymous_368)
FNDA:0,(anonymous_369)
FNDA:0,(anonymous_370)
FNDA:1349,(anonymous_371)
FNDA:2702,(anonymous_372)
FNDA:3,(anonymous_373)
FNDA:7,(anonymous_374)
FNDA:0,(anonymous_375)
FNDA:0,(anonymous_376)
FNDA:0,(anonymous_377)
FNDA:0,(anonymous_378)
FNDA:0,(anonymous_379)
FNDA:1354,(anonymous_380)
FNDA:2728,(anonymous_381)
FNDA:3,(anonymous_382)
FNDA:7,(anonymous_383)
FNDA:0,(anonymous_384)
FNDA:0,(anonymous_385)
FNDA:0,(anonymous_386)
FNDA:0,(anonymous_387)
FNDA:0,(anonymous_388)
FNDA:1366,(anonymous_389)
FNDA:2750,(anonymous_390)
FNDA:1,(anonymous_391)
FNDA:2,(anonymous_392)
FNDA:0,(anonymous_393)
FNDA:0,(anonymous_394)
FNDA:0,(anonymous_395)
FNDA:0,(anonymous_396)
FNDA:0,(anonymous_397)
FNDA:1376,(anonymous_398)
FNDA:2753,(anonymous_399)
FNDA:1,(anonymous_400)
FNDA:2,(anonymous_401)
FNDA:0,(anonymous_402)
FNDA:0,(anonymous_403)
FNDA:0,(anonymous_404)
FNDA:0,(anonymous_405)
FNDA:0,(anonymous_406)
FNDA:1378,(anonymous_407)
FNDA:2756,(anonymous_408)
FNDA:1,(anonymous_409)
FNDA:2,(anonymous_410)
FNDA:0,(anonymous_411)
FNDA:0,(anonymous_412)
FNDA:0,(anonymous_413)
FNDA:0,(anonymous_414)
FNDA:0,(anonymous_415)
FNDA:1380,(anonymous_416)
FNDA:2759,(anonymous_417)
FNDA:3,(anonymous_418)
FNDA:7,(anonymous_419)
FNDA:3,(anonymous_420)
FNDA:0,(anonymous_421)
FNDA:3,(anonymous_422)
FNDA:0,(anonymous_423)
FNDA:0,(anonymous_424)
FNDA:0,(anonymous_425)
FNDA:0,(anonymous_426)
FNDA:1382,(anonymous_427)
FNDA:2863,(anonymous_428)
FNDA:4,(anonymous_429)
FNDA:8,(anonymous_430)
FNDA:4,(anonymous_431)
FNDA:0,(anonymous_432)
FNDA:4,(anonymous_433)
FNDA:0,(anonymous_434)
FNDA:4,(anonymous_435)
FNDA:0,(anonymous_436)
FNDA:4,(anonymous_437)
FNDA:0,(anonymous_438)
FNDA:0,(anonymous_439)
FNDA:0,(anonymous_440)
FNDA:0,(anonymous_441)
FNDA:1434,(anonymous_442)
FNDA:2901,(anonymous_443)
FNDA:3,(anonymous_444)
FNDA:7,(anonymous_445)
FNDA:3,(anonymous_446)
FNDA:0,(anonymous_447)
FNDA:3,(anonymous_448)
FNDA:0,(anonymous_449)
FNDA:0,(anonymous_450)
FNDA:0,(anonymous_451)
FNDA:0,(anonymous_452)
FNDA:1455,(anonymous_453)
FNDA:2909,(anonymous_454)
FNDA:4,(anonymous_455)
FNDA:10,(anonymous_456)
FNDA:4,(anonymous_457)
FNDA:0,(anonymous_458)
FNDA:4,(anonymous_459)
FNDA:0,(anonymous_460)
FNDA:0,(anonymous_461)
FNDA:0,(anonymous_462)
FNDA:0,(anonymous_463)
FNDA:1459,(anonymous_464)
FNDA:2975,(anonymous_465)
FNDA:5,(anonymous_466)
FNDA:12,(anonymous_467)
FNDA:5,(anonymous_468)
FNDA:0,(anonymous_469)
FNDA:5,(anonymous_470)
FNDA:0,(anonymous_471)
FNDA:5,(anonymous_472)
FNDA:0,(anonymous_473)
FNDA:0,(anonymous_474)
FNDA:0,(anonymous_475)
FNDA:0,(anonymous_476)
FNDA:1491,(anonymous_477)
FNDA:3416,(anonymous_478)
FNDA:0,(anonymous_479)
FNDA:0,(anonymous_480)
FNDA:0,(anonymous_481)
FNDA:0,(anonymous_482)
FNDA:0,(anonymous_483)
FNDA:0,(anonymous_484)
FNDA:0,(anonymous_485)
FNDA:1762,(anonymous_486)
FNDA:0,(anonymous_487)
FNDA:0,(anonymous_488)
FNDA:0,(anonymous_489)
FNDA:0,(anonymous_490)
FNDA:0,(anonymous_491)
FNDA:0,(anonymous_492)
FNDA:0,(anonymous_493)
FNDA:26,(anonymous_494)
FNDA:0,(anonymous_495)
FNDA:13,(anonymous_496)
FNDA:0,(anonymous_497)
FNDA:0,(anonymous_498)
FNDA:0,(anonymous_499)
FNDA:13,(anonymous_500)
FNDA:0,(anonymous_501)
FNDA:0,(anonymous_502)
FNDA:0,(anonymous_503)
FNDA:0,(anonymous_504)
FNDA:0,(anonymous_505)
FNDA:0,(anonymous_506)
FNDA:0,(anonymous_507)
FNDA:3400,(anonymous_508)
FNDA:0,(anonymous_509)
FNDA:1749,(anonymous_510)
FNDA:20,(anonymous_511)
FNDA:1692,(anonymous_512)
FNDA:3,(anonymous_513)
FNDA:1559,(anonymous_514)
FNDA:5,(anonymous_515)
FNDA:0,(anonymous_516)
FNDA:0,(anonymous_517)
FNDA:0,(anonymous_518)
FNDA:1749,(anonymous_519)
FNDA:308,(anonymous_520)
FNDA:0,(anonymous_521)
FNDA:315,(anonymous_522)
FNDA:4,(anonymous_523)
FNDA:4,(anonymous_524)
FNDA:0,(anonymous_525)
FNDA:0,(anonymous_526)
FNDA:0,(anonymous_527)
FNDA:0,(anonymous_528)
FNDA:159,(anonymous_529)
FNDA:336,(anonymous_530)
FNDA:0,(anonymous_531)
FNDA:339,(anonymous_532)
FNDA:0,(anonymous_533)
FNDA:0,(anonymous_534)
FNDA:172,(anonymous_535)
FNDA:0,(anonymous_536)
FNDA:0,(anonymous_537)
FNDA:0,(anonymous_538)
FNDA:0,(anonymous_539)
FNDA:0,(anonymous_540)
FNDA:0,(anonymous_541)
FNDA:172,(anonymous_542)
FNDA:572,(anonymous_543)
FNDA:296,(anonymous_544)
FNDA:9,(anonymous_545)
FNDA:0,(anonymous_546)
FNDA:0,(anonymous_547)
FNDA:0,(anonymous_548)
FNDA:0,(anonymous_549)
FNDA:0,(anonymous_550)
FNDA:0,(anonymous_551)
FNDA:3400,(anonymous_552)
FNDA:0,(anonymous_553)
FNDA:0,(anonymous_554)
FNDA:0,(anonymous_555)
FNDA:0,(anonymous_556)
FNDA:0,(anonymous_557)
FNDA:0,(anonymous_558)
FNDA:0,(anonymous_559)
FNDA:0,(anonymous_560)
FNDA:0,(anonymous_561)
FNDA:0,(anonymous_562)
FNDA:0,(anonymous_563)
FNDA:0,(anonymous_564)
FNDA:0,(anonymous_565)
FNDA:0,(anonymous_566)
FNDA:0,(anonymous_567)
FNDA:1749,(anonymous_568)
FNDA:7,(anonymous_569)
FNDA:7,(anonymous_570)
FNDA:0,(anonymous_571)
FNDA:4,(anonymous_572)
FNDA:0,(anonymous_573)
FNDA:0,(anonymous_574)
FNDA:0,(anonymous_575)
FNDA:0,(anonymous_576)
FNDA:4,(anonymous_577)
FNDA:325,(anonymous_578)
FNDA:192,(anonymous_579)
FNDA:0,(anonymous_580)
FNDA:168,(anonymous_581)
FNDA:0,(anonymous_582)
FNDA:0,(anonymous_583)
FNDA:0,(anonymous_584)
FNDA:0,(anonymous_585)
FNDA:168,(anonymous_586)
FNDA:34,(anonymous_587)
FNDA:0,(anonymous_588)
FNDA:17,(anonymous_589)
FNDA:0,(anonymous_590)
FNDA:0,(anonymous_591)
FNDA:0,(anonymous_592)
FNDA:0,(anonymous_593)
FNDA:17,(anonymous_594)
FNDA:18,(anonymous_595)
FNDA:0,(anonymous_596)
FNDA:0,(anonymous_597)
FNDA:22,(anonymous_598)
FNDA:0,(anonymous_599)
FNDA:0,(anonymous_600)
FNDA:0,(anonymous_601)
FNDA:0,(anonymous_602)
FNDA:0,(anonymous_603)
FNDA:0,(anonymous_604)
FNDA:0,(anonymous_605)
FNDA:10,(anonymous_606)
FNDA:155,(anonymous_607)
FNDA:0,(anonymous_608)
FNDA:0,(anonymous_609)
FNDA:93,(anonymous_610)
FNDA:27,(anonymous_611)
FNDA:0,(anonymous_612)
FNDA:0,(anonymous_613)
FNDA:0,(anonymous_614)
FNDA:0,(anonymous_615)
FNDA:0,(anonymous_616)
FNDA:74,(anonymous_617)
FNDA:17,(anonymous_618)
FNDA:0,(anonymous_619)
FNDA:0,(anonymous_620)
FNDA:17,(anonymous_621)
FNDA:28,(anonymous_622)
FNDA:0,(anonymous_623)
FNDA:0,(anonymous_624)
FNDA:0,(anonymous_625)
FNDA:0,(anonymous_626)
FNDA:0,(anonymous_627)
FNDA:4,(anonymous_628)
FNDA:18,(anonymous_629)
FNDA:0,(anonymous_630)
FNDA:0,(anonymous_631)
FNDA:0,(anonymous_632)
FNDA:0,(anonymous_633)
FNDA:0,(anonymous_634)
FNDA:0,(anonymous_635)
FNDA:4,(anonymous_636)
FNDA:108,(anonymous_637)
FNDA:0,(anonymous_638)
FNDA:48,(anonymous_639)
FNDA:0,(anonymous_640)
FNDA:0,(anonymous_641)
FNDA:0,(anonymous_642)
FNDA:0,(anonymous_643)
FNDA:0,(anonymous_644)
FNDA:0,(anonymous_645)
FNDA:51,(anonymous_646)
FNDA:96,(anonymous_647)
FNDA:0,(anonymous_648)
FNDA:48,(anonymous_649)
FNDA:0,(anonymous_650)
FNDA:0,(anonymous_651)
FNDA:0,(anonymous_652)
FNDA:48,(anonymous_653)
FNDA:98,(anonymous_654)
FNDA:0,(anonymous_655)
FNDA:0,(anonymous_656)
FNDA:0,(anonymous_657)
FNDA:0,(anonymous_658)
FNDA:0,(anonymous_659)
FNDA:46,(anonymous_660)
FNDA:14,(anonymous_661)
FNDA:0,(anonymous_662)
FNDA:5,(anonymous_663)
FNDA:5,(anonymous_664)
FNDA:0,(anonymous_665)
FNDA:0,(anonymous_666)
FNDA:0,(anonymous_667)
FNDA:5,(anonymous_668)
FNDA:91,(anonymous_669)
FNDA:0,(anonymous_670)
FNDA:45,(anonymous_671)
FNDA:0,(anonymous_672)
FNDA:0,(anonymous_673)
FNDA:0,(anonymous_674)
FNDA:45,(anonymous_675)
FNDA:4,(anonymous_676)
FNDA:0,(anonymous_677)
FNDA:3,(anonymous_678)
FNDA:0,(anonymous_679)
FNDA:0,(anonymous_680)
FNDA:0,(anonymous_681)
FNDA:3,(anonymous_682)
FNDA:845,(anonymous_683)
FNDA:0,(anonymous_684)
FNDA:0,(anonymous_685)
FNDA:0,(anonymous_686)
FNDA:0,(anonymous_687)
FNDA:0,(anonymous_688)
FNDA:0,(anonymous_689)
FNDA:0,(anonymous_690)
FNDA:0,(anonymous_691)
FNDA:0,(anonymous_692)
FNDA:375,(anonymous_693)
FNDA:50,(anonymous_694)
FNDA:0,(anonymous_695)
FNDA:0,(anonymous_696)
FNDA:0,(anonymous_697)
FNDA:0,(anonymous_698)
FNDA:0,(anonymous_699)
FNDA:23,(anonymous_700)
FNDA:502,(anonymous_701)
FNDA:0,(anonymous_702)
FNDA:0,(anonymous_703)
FNDA:0,(anonymous_704)
FNDA:0,(anonymous_705)
FNDA:245,(anonymous_706)
FNDA:316,(anonymous_707)
FNDA:0,(anonymous_708)
FNDA:0,(anonymous_709)
FNDA:0,(anonymous_710)
FNDA:0,(anonymous_711)
FNDA:120,(anonymous_712)
FNDA:30,(anonymous_713)
FNDA:0,(anonymous_714)
FNDA:0,(anonymous_715)
FNDA:0,(anonymous_716)
FNDA:0,(anonymous_717)
FNDA:11,(anonymous_718)
FNDA:3,(anonymous_719)
FNDA:0,(anonymous_720)
FNDA:0,(anonymous_721)
FNDA:0,(anonymous_722)
FNDA:0,(anonymous_723)
FNDA:0,(anonymous_724)
FNDA:7,(anonymous_725)
FNDA:0,(anonymous_726)
FNDA:0,(anonymous_727)
FNDA:0,(anonymous_728)
FNDA:0,(anonymous_729)
FNDA:2,(anonymous_730)
FNDA:95,(anonymous_731)
FNDA:0,(anonymous_732)
FNDA:0,(anonymous_733)
FNDA:0,(anonymous_734)
FNDA:0,(anonymous_735)
FNDA:0,(anonymous_736)
FNDA:0,(anonymous_737)
FNDA:0,(anonymous_738)
FNDA:0,(anonymous_739)
FNDA:0,(anonymous_740)
FNDA:0,(anonymous_741)
FNDA:0,(anonymous_742)
FNDA:0,(anonymous_743)
FNDA:0,(anonymous_744)
FNDA:0,(anonymous_745)
FNDA:0,(anonymous_746)
FNDA:0,(anonymous_747)
FNDA:0,(anonymous_748)
FNDA:0,(anonymous_749)
FNDA:0,(anonymous_750)
FNDA:0,(anonymous_751)
FNDA:0,(anonymous_752)
FNDA:0,(anonymous_753)
FNDA:0,(anonymous_754)
FNDA:48,(anonymous_755)
FNDA:2863,(anonymous_756)
FNDA:0,(anonymous_757)
FNDA:0,(anonymous_758)
FNDA:0,(anonymous_759)
FNDA:0,(anonymous_760)
FNDA:1165,(anonymous_761)
DA:4,1
DA:21,1
DA:22,1
DA:23,1
DA:24,1
DA:25,1
DA:26,1
DA:27,1
DA:28,1
DA:29,1
DA:30,1
DA:31,1
DA:32,1
DA:33,1
DA:34,1
DA:35,1
DA:36,1
DA:37,1
DA:38,1
DA:39,1
DA:40,1
DA:41,1
DA:42,1
DA:43,1
DA:44,1
DA:45,1
DA:46,1
DA:47,1
DA:48,1
DA:49,1
DA:50,1
DA:51,1
DA:52,1
DA:53,1
DA:54,1
DA:55,1
DA:56,1
DA:57,1
DA:58,1
DA:59,1
DA:60,1
DA:61,1
DA:62,1
DA:63,1
DA:64,1
DA:65,1
DA:66,1
DA:67,1
DA:68,1
DA:69,1
DA:70,1
DA:71,1
DA:72,1
DA:73,1
DA:74,1
DA:75,1
DA:76,1
DA:77,1
DA:78,1
DA:79,1
DA:80,1
DA:81,1
DA:82,1
DA:83,1
DA:84,1
DA:85,1
DA:86,1
DA:87,1
DA:88,1
DA:89,1
DA:90,1
DA:91,1
DA:92,1
DA:93,1
DA:94,1
DA:95,1
DA:96,1
DA:97,1
DA:98,1
DA:99,1
DA:100,1
DA:101,1
DA:102,1
DA:103,1
DA:104,1
DA:105,1
DA:106,1
DA:107,1
DA:108,1
DA:109,1
DA:110,1
DA:111,1
DA:112,1
DA:113,1
DA:114,1
DA:115,1
DA:116,1
DA:117,1
DA:118,1
DA:119,1
DA:120,1
DA:121,1
DA:122,1
DA:123,1
DA:124,1
DA:125,1
DA:126,1
DA:127,1
DA:128,1
DA:129,1
DA:130,1
DA:131,1
DA:132,1
DA:133,1
DA:134,1
DA:135,1
DA:136,1
DA:137,1
DA:138,1
DA:139,1
DA:140,1
DA:141,1
DA:142,1
DA:143,1
DA:144,1
DA:145,1
DA:146,1
DA:147,1
DA:148,1
DA:149,1
DA:150,1
DA:151,1
DA:152,1
DA:153,1
DA:154,1
DA:155,1
DA:156,1
DA:157,1
DA:158,1
DA:159,1
DA:160,1
DA:161,1
DA:162,1
DA:163,1
DA:164,1
DA:165,1
DA:166,1
[...]
DA:5488,0
DA:5489,0
DA:5493,0
DA:5494,0
DA:5499,13
DA:5500,13
DA:5502,0
DA:5508,1
DA:5510,0
DA:5511,0
DA:5514,0
DA:5517,0
DA:5520,0
DA:5523,0
DA:5524,0
DA:5528,0
DA:5529,0
DA:5534,0
DA:5535,0
DA:5537,0
DA:5543,1
DA:5546,3400
DA:5547,3400
DA:5550,0
DA:5553,1749
DA:5556,20
DA:5559,1692
DA:5562,3
DA:5565,1559
DA:5568,5
DA:5571,0
DA:5574,0
DA:5575,0
DA:5579,0
DA:5580,0
DA:5585,1749
DA:5586,1740
DA:5588,9
DA:5594,1
DA:5597,308
DA:5598,308
DA:5601,0
DA:5604,315
DA:5607,4
DA:5610,4
DA:5613,0
DA:5616,0
DA:5619,0
DA:5620,0
DA:5624,0
DA:5625,0
DA:5630,159
DA:5631,159
DA:5633,0
DA:5639,1
DA:5643,336
DA:5644,336
DA:5647,0
DA:5650,339
DA:5653,0
DA:5656,0
DA:5659,172
DA:5662,0
DA:5665,0
DA:5668,0
DA:5671,0
DA:5674,0
DA:5675,0
DA:5679,0
DA:5680,0
DA:5685,172
DA:5686,172
DA:5688,0
DA:5694,1
DA:5696,572
DA:5697,572
DA:5700,296
DA:5703,9
DA:5706,0
DA:5709,0
DA:5712,0
DA:5715,0
DA:5716,0
DA:5720,0
DA:5721,0
DA:5726,0
DA:5727,0
DA:5729,0
DA:5735,1
DA:5737,3400
DA:5738,3400
DA:5741,0
DA:5744,0
DA:5747,0
DA:5750,0
DA:5753,0
DA:5756,0
DA:5759,0
DA:5762,0
DA:5765,0
DA:5768,0
DA:5771,0
DA:5774,0
DA:5777,0
DA:5780,0
DA:5781,0
DA:5785,0
DA:5786,0
DA:5791,1749
DA:5792,0
DA:5794,1749
DA:5800,1
DA:5803,7
DA:5804,7
DA:5807,7
DA:5810,0
DA:5813,4
DA:5816,0
DA:5819,0
DA:5822,0
DA:5823,0
DA:5827,0
DA:5828,0
DA:5833,4
DA:5834,4
DA:5836,0
DA:5842,1
DA:5845,325
DA:5846,325
DA:5849,192
DA:5852,0
DA:5855,168
DA:5858,0
DA:5861,0
DA:5864,0
DA:5865,0
DA:5869,0
DA:5870,0
DA:5875,168
DA:5876,168
DA:5878,0
DA:5884,1
DA:5886,34
DA:5887,34
DA:5890,0
DA:5893,17
DA:5896,0
DA:5899,0
DA:5902,0
DA:5903,0
DA:5907,0
DA:5908,0
DA:5913,17
DA:5914,17
DA:5916,0
DA:5922,1
DA:5926,18
DA:5927,18
DA:5930,0
DA:5933,0
DA:5936,22
DA:5939,0
DA:5942,0
DA:5945,0
DA:5948,0
DA:5951,0
DA:5954,0
DA:5955,0
DA:5959,0
DA:5960,0
DA:5965,10
DA:5966,10
DA:5968,0
DA:5974,1
DA:5976,155
DA:5977,155
DA:5980,0
DA:5983,0
DA:5986,93
DA:5989,27
DA:5992,0
DA:5995,0
DA:5998,0
DA:6001,0
DA:6002,0
DA:6006,0
DA:6007,0
DA:6012,74
DA:6013,74
DA:6015,0
DA:6021,1
DA:6023,17
DA:6024,17
DA:6027,0
DA:6030,0
DA:6033,17
DA:6036,28
DA:6039,0
DA:6042,0
DA:6045,0
DA:6048,0
DA:6049,0
DA:6053,0
DA:6054,0
DA:6059,4
DA:6060,4
DA:6062,0
DA:6068,1
DA:6072,18
DA:6073,18
DA:6076,0
DA:6079,0
DA:6082,0
DA:6085,0
DA:6088,0
DA:6089,0
DA:6093,0
DA:6094,0
DA:6099,4
DA:6100,4
DA:6102,0
DA:6108,1
DA:6113,108
DA:6114,108
DA:6117,0
DA:6120,48
DA:6123,0
DA:6126,0
DA:6129,0
DA:6132,0
DA:6135,0
DA:6136,0
DA:6140,0
DA:6141,0
DA:6146,51
DA:6147,51
DA:6149,0
DA:6155,1
DA:6157,96
DA:6158,96
DA:6161,0
DA:6164,48
DA:6167,0
DA:6170,0
DA:6171,0
DA:6175,0
DA:6176,0
DA:6181,48
DA:6182,48
DA:6184,0
DA:6190,1
DA:6192,98
DA:6193,98
DA:6196,0
DA:6199,0
DA:6202,0
DA:6205,0
DA:6206,0
DA:6210,0
DA:6211,0
DA:6216,46
DA:6217,0
DA:6219,46
DA:6225,1
DA:6227,14
DA:6228,14
DA:6231,0
DA:6234,5
DA:6237,5
DA:6240,0
DA:6243,0
DA:6244,0
DA:6248,0
DA:6249,0
DA:6254,5
DA:6255,5
DA:6257,0
DA:6263,1
DA:6265,91
DA:6266,91
DA:6269,0
DA:6272,45
DA:6275,0
DA:6278,0
DA:6279,0
DA:6283,0
DA:6284,0
DA:6289,45
DA:6290,45
DA:6292,0
DA:6298,1
DA:6300,4
DA:6301,4
DA:6304,0
DA:6307,3
DA:6310,0
DA:6313,0
DA:6314,0
DA:6318,0
DA:6319,0
DA:6324,3
DA:6325,3
DA:6327,0
DA:6333,1
DA:6335,845
DA:6336,845
DA:6339,0
DA:6342,0
DA:6345,0
DA:6348,0
DA:6351,0
DA:6354,0
DA:6357,0
DA:6360,0
DA:6361,0
DA:6365,0
DA:6366,0
DA:6371,375
DA:6372,0
DA:6374,375
DA:6380,1
DA:6382,50
DA:6383,50
DA:6386,0
DA:6389,0
DA:6392,0
DA:6395,0
DA:6396,0
DA:6400,0
DA:6401,0
DA:6406,23
DA:6407,23
DA:6409,0
DA:6415,1
DA:6417,502
DA:6418,502
DA:6421,0
DA:6424,0
DA:6427,0
DA:6428,0
DA:6432,0
DA:6433,0
DA:6438,245
DA:6439,245
DA:6441,0
DA:6447,1
DA:6449,316
DA:6450,316
DA:6453,0
DA:6456,0
DA:6459,0
DA:6460,0
DA:6464,0
DA:6465,0
DA:6470,120
DA:6471,120
DA:6473,0
DA:6479,1
DA:6481,30
DA:6482,30
DA:6485,0
DA:6488,0
DA:6491,0
DA:6492,0
DA:6496,0
DA:6497,0
DA:6502,11
DA:6503,11
DA:6505,0
DA:6511,1
DA:6513,3
DA:6514,3
DA:6517,0
DA:6520,0
DA:6523,0
DA:6524,0
DA:6528,0
DA:6529,0
DA:6534,0
DA:6535,0
DA:6537,0
DA:6543,1
DA:6545,7
DA:6546,7
DA:6549,0
DA:6552,0
DA:6555,0
DA:6556,0
DA:6560,0
DA:6561,0
DA:6566,2
DA:6567,2
DA:6569,0
DA:6575,1
DA:6577,95
DA:6578,95
DA:6581,0
DA:6584,0
DA:6587,0
DA:6590,0
DA:6593,0
DA:6596,0
DA:6599,0
DA:6602,0
DA:6605,0
DA:6608,0
DA:6611,0
DA:6614,0
DA:6617,0
DA:6620,0
DA:6623,0
DA:6626,0
DA:6629,0
DA:6632,0
DA:6635,0
DA:6638,0
DA:6641,0
DA:6644,0
DA:6645,0
DA:6649,0
DA:6650,0
DA:6655,48
DA:6656,48
DA:6658,0
DA:6664,1
DA:6666,2863
DA:6667,2863
DA:6670,0
DA:6673,0
DA:6676,0
DA:6677,0
DA:6681,0
DA:6682,0
DA:6687,1165
DA:6688,1165
DA:6690,0
LF:3014
LH:1918
BRDA:346,0,0,491
BRDA:346,0,1,76
BRDA:346,0,2,415
BRDA:346,0,3,231
BRDA:346,0,4,184
BRDA:346,0,5,18
BRDA:362,1,0,0
BRDA:362,1,1,0
BRDA:382,2,0,2
BRDA:382,2,1,49
BRDA:382,2,2,514
BRDA:382,2,3,142
BRDA:382,2,4,12
BRDA:382,2,5,4
BRDA:382,2,6,7
BRDA:382,2,7,16
BRDA:382,2,8,132
BRDA:382,2,9,58
BRDA:382,2,10,6
BRDA:465,3,0,0
BRDA:465,3,1,0
BRDA:489,4,0,959
BRDA:489,4,1,645
BRDA:489,4,2,687
BRDA:489,4,3,314
BRDA:489,4,4,373
BRDA:489,4,5,0
BRDA:503,5,0,0
BRDA:503,5,1,0
BRDA:528,6,0,0
BRDA:528,6,1,0
BRDA:555,7,0,0
BRDA:555,7,1,0
BRDA:595,8,0,64
BRDA:595,8,1,68
BRDA:607,9,0,0
BRDA:607,9,1,0
BRDA:640,10,0,0
BRDA:640,10,1,0
BRDA:673,11,0,0
BRDA:673,11,1,0
BRDA:700,12,0,0
BRDA:700,12,1,0
BRDA:722,13,0,115
BRDA:722,13,1,27
BRDA:741,14,0,0
BRDA:741,14,1,0
BRDA:768,15,0,0
BRDA:768,15,1,0
BRDA:793,16,0,0
BRDA:793,16,1,0
BRDA:817,17,0,54
BRDA:817,17,1,4
BRDA:838,18,0,0
BRDA:838,18,1,0
BRDA:864,19,0,2
BRDA:864,19,1,52
BRDA:884,20,0,0
BRDA:884,20,1,0
BRDA:921,21,0,0
BRDA:921,21,1,0
BRDA:943,22,0,8
BRDA:943,22,1,4
BRDA:962,23,0,0
BRDA:962,23,1,0
BRDA:987,24,0,0
BRDA:987,24,1,0
BRDA:1014,25,0,0
BRDA:1014,25,1,0
BRDA:1036,26,0,2
BRDA:1036,26,1,2
BRDA:1055,27,0,0
BRDA:1055,27,1,0
BRDA:1080,28,0,0
BRDA:1080,28,1,0
BRDA:1107,29,0,0
BRDA:1107,29,1,0
BRDA:1133,30,0,2
BRDA:1133,30,1,4
BRDA:1144,31,0,0
BRDA:1165,32,0,0
BRDA:1165,32,1,0
BRDA:1192,33,0,10
BRDA:1192,33,1,2
BRDA:1192,33,2,4
BRDA:1243,34,0,0
BRDA:1243,34,1,0
BRDA:1278,35,0,0
BRDA:1278,35,1,0
BRDA:1320,36,0,0
BRDA:1320,36,1,0
BRDA:1347,37,0,0
BRDA:1347,37,1,0
BRDA:1373,38,0,0
BRDA:1373,38,1,7
BRDA:1393,39,0,0
BRDA:1393,39,1,0
BRDA:1413,40,0,400
BRDA:1413,40,1,2692
BRDA:1431,41,0,0
BRDA:1431,41,1,0
BRDA:1460,42,0,0
BRDA:1460,42,1,0
BRDA:1485,43,0,0
BRDA:1485,43,1,0
BRDA:1510,44,0,0
BRDA:1510,44,1,0
BRDA:1534,45,0,27
BRDA:1551,46,0,0
BRDA:1551,46,1,0
BRDA:1577,47,0,2702
BRDA:1577,47,1,10
BRDA:1578,48,0,10
BRDA:1578,48,1,0
BRDA:1595,49,0,0
BRDA:1595,49,1,0
BRDA:1621,50,0,2728
BRDA:1621,50,1,26
BRDA:1622,51,0,26
BRDA:1622,51,1,0
BRDA:1639,52,0,0
BRDA:1639,52,1,0
BRDA:1665,53,0,2750
BRDA:1665,53,1,22
BRDA:1666,54,0,22
BRDA:1666,54,1,0
BRDA:1683,55,0,0
BRDA:1683,55,1,0
BRDA:1709,56,0,2753
BRDA:1709,56,1,3
BRDA:1710,57,0,3
BRDA:1710,57,1,0
BRDA:1727,58,0,0
BRDA:1727,58,1,0
BRDA:1753,59,0,2756
BRDA:1753,59,1,3
BRDA:1754,60,0,3
BRDA:1754,60,1,0
BRDA:1771,61,0,0
BRDA:1771,61,1,0
BRDA:1797,62,0,2759
BRDA:1797,62,1,3
BRDA:1798,63,0,3
BRDA:1798,63,1,0
BRDA:1815,64,0,0
BRDA:1815,64,1,0
BRDA:1842,65,0,2863
BRDA:1842,65,1,104
BRDA:1843,66,0,104
BRDA:1843,66,1,0
BRDA:1848,67,0,0
BRDA:1848,67,1,104
BRDA:1848,68,0,104
BRDA:1848,68,1,24
BRDA:1867,69,0,0
BRDA:1867,69,1,0
BRDA:1894,70,0,2901
BRDA:1894,70,1,38
BRDA:1895,71,0,38
BRDA:1895,71,1,0
BRDA:1900,72,0,0
BRDA:1900,72,1,38
BRDA:1900,73,0,38
BRDA:1900,73,1,38
BRDA:1919,74,0,0
BRDA:1919,74,1,0
BRDA:1946,75,0,2909
BRDA:1946,75,1,8
BRDA:1947,76,0,8
BRDA:1947,76,1,0
BRDA:1952,77,0,0
BRDA:1952,77,1,8
BRDA:1952,78,0,8
BRDA:1952,78,1,4
BRDA:1971,79,0,0
BRDA:1971,79,1,0
BRDA:1998,80,0,2975
BRDA:1998,80,1,66
BRDA:1999,81,0,66
BRDA:1999,81,1,0
BRDA:2004,82,0,0
BRDA:2004,82,1,66
BRDA:2004,83,0,66
BRDA:2004,83,1,58
BRDA:2023,84,0,0
BRDA:2023,84,1,0
BRDA:2050,85,0,2990
BRDA:2050,85,1,15
BRDA:2051,86,0,15
BRDA:2051,86,1,0
BRDA:2056,87,0,0
BRDA:2056,87,1,15
BRDA:2056,88,0,15
BRDA:2056,88,1,15
BRDA:2075,89,0,0
BRDA:2075,89,1,0
BRDA:2095,90,0,17
BRDA:2095,90,1,44
BRDA:2095,90,2,47
BRDA:2095,90,3,51
BRDA:2095,90,4,53
BRDA:2095,90,5,62
BRDA:2095,90,6,65
BRDA:2095,90,7,69
BRDA:2095,90,8,81
BRDA:2095,90,9,86
BRDA:2095,90,10,88
BRDA:2095,90,11,90
BRDA:2095,90,12,92
BRDA:2095,90,13,99
BRDA:2095,90,14,101
BRDA:2095,90,15,113
BRDA:2095,90,16,115
BRDA:2095,90,17,117
BRDA:2095,90,18,119
BRDA:2095,90,19,121
BRDA:2095,90,20,123
BRDA:2095,90,21,139
BRDA:2095,90,22,2193
BRDA:2095,90,23,2491
BRDA:2095,90,24,2511
BRDA:2095,90,25,2956
BRDA:2095,90,26,3052
BRDA:2095,90,27,3055
BRDA:2095,90,28,3152
BRDA:2095,90,29,3307
BRDA:2095,90,30,3324
BRDA:2095,90,31,3358
BRDA:2095,90,32,3361
BRDA:2095,90,33,3372
BRDA:2095,90,34,3390
BRDA:2095,90,35,0
BRDA:2095,90,36,26
BRDA:2095,90,37,0
BRDA:2095,90,38,0
BRDA:2163,91,0,0
BRDA:2163,91,1,0
BRDA:2190,92,0,0
BRDA:2190,92,1,0
BRDA:2217,93,0,0
BRDA:2217,93,1,0
BRDA:2244,94,0,0
BRDA:2244,94,1,0
BRDA:2270,95,0,4152
BRDA:2270,95,1,752
BRDA:2271,96,0,752
BRDA:2271,96,1,0
BRDA:2275,97,0,108
BRDA:2275,97,1,308
BRDA:2275,97,2,336
BRDA:2275,97,3,0
BRDA:2306,98,0,0
BRDA:2306,98,1,0
BRDA:2330,99,0,301
BRDA:2330,99,1,7
BRDA:2330,99,2,0
BRDA:2353,100,0,0
BRDA:2353,100,1,0
BRDA:2378,101,0,324
BRDA:2378,101,1,12
BRDA:2378,101,2,0
BRDA:2388,102,0,301
BRDA:2388,102,1,21
BRDA:2388,103,0,322
BRDA:2388,103,1,0
BRDA:2388,103,2,322
BRDA:2388,103,3,322
BRDA:2388,103,4,21
BRDA:2388,103,5,0
BRDA:2412,104,0,9
BRDA:2412,104,1,3
BRDA:2412,105,0,12
BRDA:2412,105,1,0
BRDA:2412,105,2,12
BRDA:2412,105,3,12
BRDA:2412,105,4,3
BRDA:2412,105,5,0
BRDA:2429,106,0,2
BRDA:2429,106,1,0
BRDA:2471,107,0,0
BRDA:2471,107,1,0
BRDA:2491,108,0,1734
BRDA:2491,108,1,817
BRDA:2491,108,2,98
BRDA:2491,108,3,155
BRDA:2491,108,4,17
BRDA:2491,108,5,95
BRDA:2491,108,6,4
BRDA:2491,108,7,96
BRDA:2491,108,8,18
BRDA:2491,108,9,7
BRDA:2491,108,10,325
BRDA:2491,108,11,34
BRDA:2579,109,0,0
BRDA:2579,109,1,0
BRDA:2607,110,0,5
BRDA:2607,110,1,2
BRDA:2607,111,0,7
BRDA:2607,111,1,0
BRDA:2607,111,2,7
BRDA:2607,111,3,7
BRDA:2607,111,4,2
BRDA:2607,111,5,0
BRDA:2619,112,0,0
BRDA:2619,112,1,0
BRDA:2647,113,0,257
BRDA:2647,113,1,68
BRDA:2647,114,0,325
BRDA:2647,114,1,3
BRDA:2647,114,2,322
BRDA:2647,114,3,322
BRDA:2647,114,4,68
BRDA:2647,114,5,0
BRDA:2659,115,0,0
BRDA:2659,115,1,0
BRDA:2688,116,0,0
BRDA:2688,116,1,0
BRDA:2720,117,0,14
BRDA:2720,117,1,4
BRDA:2734,118,0,0
BRDA:2734,118,1,0
BRDA:2760,119,0,135
BRDA:2760,119,1,20
BRDA:2760,120,0,155
BRDA:2760,120,1,1
BRDA:2760,120,2,154
BRDA:2760,120,3,148
BRDA:2760,120,4,26
BRDA:2760,120,5,6
BRDA:2788,121,0,0
BRDA:2788,121,1,0
BRDA:2814,122,0,16
BRDA:2814,122,1,1
BRDA:2814,123,0,17
BRDA:2814,123,1,1
BRDA:2814,123,2,16
BRDA:2814,123,3,15
BRDA:2814,123,4,2
BRDA:2814,123,5,1
BRDA:2842,124,0,0
BRDA:2842,124,1,0
BRDA:2871,125,0,0
BRDA:2871,125,1,0
BRDA:2895,126,0,97
BRDA:2895,126,1,11
BRDA:2918,127,0,0
BRDA:2918,127,1,0
BRDA:2945,128,0,0
BRDA:2945,128,1,0
BRDA:2965,129,0,14
BRDA:2965,129,1,84
BRDA:2965,129,2,0
BRDA:2985,130,0,0
BRDA:2985,130,1,0
BRDA:3011,131,0,0
BRDA:3011,131,1,14
BRDA:3023,132,0,0
BRDA:3023,132,1,0
BRDA:3050,133,0,0
BRDA:3050,133,1,0
BRDA:3077,134,0,0
BRDA:3077,134,1,0
BRDA:3097,135,0,20
BRDA:3097,135,1,50
BRDA:3097,135,2,453
BRDA:3097,135,3,302
BRDA:3097,135,4,30
BRDA:3097,135,5,3
BRDA:3097,135,6,7
BRDA:3097,135,7,0
BRDA:3146,136,0,0
BRDA:3146,136,1,0
BRDA:3169,137,0,0
BRDA:3169,137,1,50
BRDA:3169,138,0,50
BRDA:3169,138,1,30
BRDA:3179,139,0,0
BRDA:3179,139,1,0
BRDA:3204,140,0,0
BRDA:3204,140,1,0
BRDA:3229,141,0,0
BRDA:3229,141,1,0
BRDA:3254,142,0,0
BRDA:3254,142,1,0
BRDA:3279,143,0,0
BRDA:3279,143,1,0
BRDA:3304,144,0,0
BRDA:3304,144,1,0
BRDA:3327,145,0,0
BRDA:3327,145,1,95
BRDA:3327,146,0,95
BRDA:3327,146,1,95
BRDA:3337,147,0,0
BRDA:3337,147,1,0
BRDA:3362,148,0,0
BRDA:3362,148,1,0
BRDA:3578,149,0,1
BRDA:3578,149,1,330
BRDA:3608,150,0,0
BRDA:3608,150,1,0
BRDA:3613,151,0,0
BRDA:3613,151,1,0
BRDA:3619,152,0,0
BRDA:3619,152,1,0
BRDA:3673,153,0,0
BRDA:3673,153,1,0
BRDA:3678,154,0,0
BRDA:3678,154,1,0
BRDA:3684,155,0,528
BRDA:3684,155,1,0
BRDA:3708,156,0,0
BRDA:3708,156,1,0
BRDA:3713,157,0,0
BRDA:3713,157,1,0
BRDA:3719,158,0,0
BRDA:3719,158,1,0
BRDA:3740,159,0,0
BRDA:3740,159,1,0
BRDA:3745,160,0,0
BRDA:3745,160,1,0
BRDA:3751,161,0,1
BRDA:3751,161,1,0
BRDA:3775,162,0,0
BRDA:3775,162,1,0
BRDA:3780,163,0,0
BRDA:3780,163,1,0
BRDA:3786,164,0,26
BRDA:3786,164,1,0
BRDA:3819,165,0,0
BRDA:3819,165,1,0
BRDA:3824,166,0,0
BRDA:3824,166,1,0
BRDA:3830,167,0,67
BRDA:3830,167,1,0
BRDA:3865,168,0,0
BRDA:3865,168,1,0
BRDA:3870,169,0,0
BRDA:3870,169,1,0
BRDA:3876,170,0,0
BRDA:3876,170,1,0
BRDA:3911,171,0,0
BRDA:3911,171,1,0
BRDA:3916,172,0,0
BRDA:3916,172,1,0
BRDA:3922,173,0,0
BRDA:3922,173,1,0
BRDA:3947,174,0,0
BRDA:3947,174,1,0
BRDA:3952,175,0,0
BRDA:3952,175,1,0
BRDA:3958,176,0,0
BRDA:3958,176,1,0
BRDA:3985,177,0,0
BRDA:3985,177,1,0
BRDA:3990,178,0,0
BRDA:3990,178,1,0
BRDA:3996,179,0,0
BRDA:3996,179,1,64
BRDA:4020,180,0,0
BRDA:4020,180,1,0
BRDA:4025,181,0,0
BRDA:4025,181,1,0
BRDA:4031,182,0,50
BRDA:4031,182,1,0
BRDA:4052,183,0,0
BRDA:4052,183,1,0
BRDA:4057,184,0,0
BRDA:4057,184,1,0
BRDA:4063,185,0,14
BRDA:4063,185,1,0
BRDA:4097,186,0,0
BRDA:4097,186,1,0
BRDA:4102,187,0,0
BRDA:4102,187,1,0
BRDA:4108,188,0,29
BRDA:4108,188,1,0
BRDA:4150,189,0,0
BRDA:4150,189,1,0
BRDA:4155,190,0,0
BRDA:4155,190,1,0
BRDA:4161,191,0,0
BRDA:4161,191,1,0
BRDA:4203,192,0,0
BRDA:4203,192,1,0
BRDA:4208,193,0,0
BRDA:4208,193,1,0
BRDA:4214,194,0,0
BRDA:4214,194,1,0
BRDA:4241,195,0,0
BRDA:4241,195,1,0
BRDA:4246,196,0,0
BRDA:4246,196,1,0
BRDA:4252,197,0,0
BRDA:4252,197,1,6
BRDA:4273,198,0,0
BRDA:4273,198,1,0
BRDA:4278,199,0,0
BRDA:4278,199,1,0
BRDA:4284,200,0,4
BRDA:4284,200,1,0
BRDA:4308,201,0,0
BRDA:4308,201,1,0
BRDA:4313,202,0,0
BRDA:4313,202,1,0
BRDA:4319,203,0,2
BRDA:4319,203,1,0
BRDA:4346,204,0,0
BRDA:4346,204,1,0
BRDA:4351,205,0,0
BRDA:4351,205,1,0
BRDA:4357,206,0,0
BRDA:4357,206,1,2
BRDA:4378,207,0,0
BRDA:4378,207,1,0
BRDA:4383,208,0,0
BRDA:4383,208,1,0
BRDA:4389,209,0,1
BRDA:4389,209,1,0
BRDA:4413,210,0,0
BRDA:4413,210,1,0
BRDA:4418,211,0,0
BRDA:4418,211,1,0
BRDA:4424,212,0,1
BRDA:4424,212,1,0
BRDA:4472,213,0,0
BRDA:4472,213,1,0
BRDA:4477,214,0,0
BRDA:4477,214,1,0
BRDA:4483,215,0,3
BRDA:4483,215,1,0
BRDA:4519,216,0,0
BRDA:4519,216,1,0
BRDA:4524,217,0,0
BRDA:4524,217,1,0
BRDA:4530,218,0,8
BRDA:4530,218,1,0
BRDA:4566,219,0,0
BRDA:4566,219,1,0
BRDA:4571,220,0,0
BRDA:4571,220,1,0
BRDA:4577,221,0,0
BRDA:4577,221,1,0
BRDA:4607,222,0,0
BRDA:4607,222,1,0
BRDA:4612,223,0,0
BRDA:4612,223,1,0
BRDA:4618,224,0,0
BRDA:4618,224,1,0
BRDA:4642,225,0,0
BRDA:4642,225,1,0
BRDA:4647,226,0,0
BRDA:4647,226,1,0
BRDA:4653,227,0,0
BRDA:4653,227,1,0
BRDA:4694,228,0,0
BRDA:4694,228,1,0
BRDA:4699,229,0,0
BRDA:4699,229,1,0
BRDA:4705,230,0,5
BRDA:4705,230,1,0
BRDA:4729,231,0,0
BRDA:4729,231,1,0
BRDA:4734,232,0,0
BRDA:4734,232,1,0
BRDA:4740,233,0,0
BRDA:4740,233,1,1600
BRDA:4767,234,0,0
BRDA:4767,234,1,0
BRDA:4772,235,0,0
BRDA:4772,235,1,0
BRDA:4778,236,0,251
BRDA:4778,236,1,0
BRDA:4799,237,0,0
BRDA:4799,237,1,0
BRDA:4804,238,0,0
BRDA:4804,238,1,0
BRDA:4810,239,0,0
BRDA:4810,239,1,0
BRDA:4831,240,0,0
BRDA:4831,240,1,0
BRDA:4836,241,0,0
BRDA:4836,241,1,0
BRDA:4842,242,0,0
BRDA:4842,242,1,1349
BRDA:4878,243,0,0
BRDA:4878,243,1,0
BRDA:4883,244,0,0
BRDA:4883,244,1,0
BRDA:4889,245,0,1340
BRDA:4889,245,1,9
BRDA:4919,246,0,0
BRDA:4919,246,1,0
BRDA:4924,247,0,0
BRDA:4924,247,1,0
BRDA:4930,248,0,1340
BRDA:4930,248,1,9
BRDA:4960,249,0,0
BRDA:4960,249,1,0
BRDA:4965,250,0,0
BRDA:4965,250,1,0
BRDA:4971,251,0,1345
BRDA:4971,251,1,9
BRDA:5001,252,0,0
BRDA:5001,252,1,0
BRDA:5006,253,0,0
BRDA:5006,253,1,0
BRDA:5012,254,0,1357
BRDA:5012,254,1,9
BRDA:5042,255,0,0
BRDA:5042,255,1,0
BRDA:5047,256,0,0
BRDA:5047,256,1,0
BRDA:5053,257,0,1367
BRDA:5053,257,1,9
BRDA:5083,258,0,0
BRDA:5083,258,1,0
BRDA:5088,259,0,0
BRDA:5088,259,1,0
BRDA:5094,260,0,1369
BRDA:5094,260,1,9
BRDA:5124,261,0,0
BRDA:5124,261,1,0
BRDA:5129,262,0,0
BRDA:5129,262,1,0
BRDA:5135,263,0,1371
BRDA:5135,263,1,9
BRDA:5171,264,0,0
BRDA:5171,264,1,0
BRDA:5176,265,0,0
BRDA:5176,265,1,0
BRDA:5182,266,0,1373
BRDA:5182,266,1,9
BRDA:5230,267,0,0
BRDA:5230,267,1,0
BRDA:5235,268,0,0
BRDA:5235,268,1,0
BRDA:5241,269,0,1425
BRDA:5241,269,1,9
BRDA:5277,270,0,0
BRDA:5277,270,1,0
BRDA:5282,271,0,0
BRDA:5282,271,1,0
BRDA:5288,272,0,1446
BRDA:5288,272,1,9
BRDA:5324,273,0,0
BRDA:5324,273,1,0
BRDA:5329,274,0,0
BRDA:5329,274,1,0
BRDA:5335,275,0,1450
BRDA:5335,275,1,9
BRDA:5377,276,0,0
BRDA:5377,276,1,0
BRDA:5382,277,0,0
BRDA:5382,277,1,0
BRDA:5388,278,0,1482
BRDA:5388,278,1,9
BRDA:5418,279,0,0
BRDA:5418,279,1,0
BRDA:5423,280,0,0
BRDA:5423,280,1,0
BRDA:5429,281,0,0
BRDA:5429,281,1,1762
BRDA:5453,282,0,0
BRDA:5453,282,1,0
BRDA:5458,283,0,0
BRDA:5458,283,1,0
BRDA:5464,284,0,0
BRDA:5464,284,1,0
BRDA:5488,285,0,0
BRDA:5488,285,1,0
BRDA:5493,286,0,0
BRDA:5493,286,1,0
BRDA:5499,287,0,13
BRDA:5499,287,1,0
BRDA:5523,288,0,0
BRDA:5523,288,1,0
BRDA:5528,289,0,0
BRDA:5528,289,1,0
BRDA:5534,290,0,0
BRDA:5534,290,1,0
BRDA:5574,291,0,0
BRDA:5574,291,1,0
BRDA:5579,292,0,0
BRDA:5579,292,1,0
BRDA:5585,293,0,1740
BRDA:5585,293,1,9
BRDA:5619,294,0,0
BRDA:5619,294,1,0
BRDA:5624,295,0,0
BRDA:5624,295,1,0
BRDA:5630,296,0,159
BRDA:5630,296,1,0
BRDA:5674,297,0,0
BRDA:5674,297,1,0
BRDA:5679,298,0,0
BRDA:5679,298,1,0
BRDA:5685,299,0,172
BRDA:5685,299,1,0
BRDA:5715,300,0,0
BRDA:5715,300,1,0
BRDA:5720,301,0,0
BRDA:5720,301,1,0
BRDA:5726,302,0,0
BRDA:5726,302,1,0
BRDA:5780,303,0,0
BRDA:5780,303,1,0
BRDA:5785,304,0,0
BRDA:5785,304,1,0
BRDA:5791,305,0,0
BRDA:5791,305,1,1749
BRDA:5822,306,0,0
BRDA:5822,306,1,0
BRDA:5827,307,0,0
BRDA:5827,307,1,0
BRDA:5833,308,0,4
BRDA:5833,308,1,0
BRDA:5864,309,0,0
BRDA:5864,309,1,0
BRDA:5869,310,0,0
BRDA:5869,310,1,0
BRDA:5875,311,0,168
BRDA:5875,311,1,0
BRDA:5902,312,0,0
BRDA:5902,312,1,0
BRDA:5907,313,0,0
BRDA:5907,313,1,0
BRDA:5913,314,0,17
BRDA:5913,314,1,0
BRDA:5954,315,0,0
BRDA:5954,315,1,0
BRDA:5959,316,0,0
BRDA:5959,316,1,0
BRDA:5965,317,0,10
BRDA:5965,317,1,0
BRDA:6001,318,0,0
BRDA:6001,318,1,0
BRDA:6006,319,0,0
BRDA:6006,319,1,0
BRDA:6012,320,0,74
BRDA:6012,320,1,0
BRDA:6048,321,0,0
BRDA:6048,321,1,0
BRDA:6053,322,0,0
BRDA:6053,322,1,0
BRDA:6059,323,0,4
BRDA:6059,323,1,0
BRDA:6088,324,0,0
BRDA:6088,324,1,0
BRDA:6093,325,0,0
BRDA:6093,325,1,0
BRDA:6099,326,0,4
BRDA:6099,326,1,0
BRDA:6135,327,0,0
BRDA:6135,327,1,0
BRDA:6140,328,0,0
BRDA:6140,328,1,0
BRDA:6146,329,0,51
BRDA:6146,329,1,0
BRDA:6170,330,0,0
BRDA:6170,330,1,0
BRDA:6175,331,0,0
BRDA:6175,331,1,0
BRDA:6181,332,0,48
BRDA:6181,332,1,0
BRDA:6205,333,0,0
BRDA:6205,333,1,0
BRDA:6210,334,0,0
BRDA:6210,334,1,0
BRDA:6216,335,0,0
BRDA:6216,335,1,46
BRDA:6243,336,0,0
BRDA:6243,336,1,0
BRDA:6248,337,0,0
BRDA:6248,337,1,0
BRDA:6254,338,0,5
BRDA:6254,338,1,0
BRDA:6278,339,0,0
BRDA:6278,339,1,0
BRDA:6283,340,0,0
BRDA:6283,340,1,0
BRDA:6289,341,0,45
BRDA:6289,341,1,0
BRDA:6313,342,0,0
BRDA:6313,342,1,0
BRDA:6318,343,0,0
BRDA:6318,343,1,0
BRDA:6324,344,0,3
BRDA:6324,344,1,0
BRDA:6360,345,0,0
BRDA:6360,345,1,0
BRDA:6365,346,0,0
BRDA:6365,346,1,0
BRDA:6371,347,0,0
BRDA:6371,347,1,375
BRDA:6395,348,0,0
BRDA:6395,348,1,0
BRDA:6400,349,0,0
BRDA:6400,349,1,0
BRDA:6406,350,0,23
BRDA:6406,350,1,0
BRDA:6427,351,0,0
BRDA:6427,351,1,0
BRDA:6432,352,0,0
BRDA:6432,352,1,0
BRDA:6438,353,0,245
BRDA:6438,353,1,0
BRDA:6459,354,0,0
BRDA:6459,354,1,0
BRDA:6464,355,0,0
BRDA:6464,355,1,0
BRDA:6470,356,0,120
BRDA:6470,356,1,0
BRDA:6491,357,0,0
BRDA:6491,357,1,0
BRDA:6496,358,0,0
BRDA:6496,358,1,0
BRDA:6502,359,0,11
BRDA:6502,359,1,0
BRDA:6523,360,0,0
BRDA:6523,360,1,0
BRDA:6528,361,0,0
BRDA:6528,361,1,0
BRDA:6534,362,0,0
BRDA:6534,362,1,0
BRDA:6555,363,0,0
BRDA:6555,363,1,0
BRDA:6560,364,0,0
BRDA:6560,364,1,0
BRDA:6566,365,0,2
BRDA:6566,365,1,0
BRDA:6644,366,0,0
BRDA:6644,366,1,0
BRDA:6649,367,0,0
BRDA:6649,367,1,0
BRDA:6655,368,0,48
BRDA:6655,368,1,0
BRDA:6676,369,0,0
BRDA:6676,369,1,0
BRDA:6681,370,0,0
BRDA:6681,370,1,0
BRDA:6687,371,0,1165
BRDA:6687,371,1,0
BRF:842
BRH:285
end_of_record
TN:
SF:src/grammar/generated/MoocodeParserListener.ts
FNF:0
FNH:0
DA:3,1
DA:86,1
LF:2
LH:2
BRF:0
BRH:0
end_of_record
TN:
SF:src/grammar/generated/MoocodeParserVisitor.ts
FNF:0
FNH:0
DA:3,1
DA:89,1
LF:2
LH:2
BRF:0
BRH:0
end_of_record
